NODE: cont01
============================
{
  "architecture": "x86_64",
  "model_name": "Intel(R) Xeon(R) CPU E5-2620 v4 @ 2.10GHz",
  "flags": [
    "fpu",
    "vme",
    "de",
    "pse",
    "tsc",
    "msr",
    "pae",
    "mce",
    "cx8",
    "apic",
    "sep",
    "mtrr",
    "pge",
    "mca",
    "cmov",
    "pat",
    "pse36",
    "clflush",
    "dts",
    "acpi",
    "mmx",
    "fxsr",
    "sse",
    "sse2",
    "ss",
    "ht",
    "tm",
    "pbe",
    "syscall",
    "nx",
    "pdpe1gb",
    "rdtscp",
    "lm",
    "constant_tsc",
    "arch_perfmon",
    "pebs",
    "bts",
    "rep_good",
    "nopl",
    "xtopology",
    "nonstop_tsc",
    "aperfmperf",
    "eagerfpu",
    "pni",
    "pclmulqdq",
    "dtes64",
    "monitor",
    "ds_cpl",
    "vmx",
    "smx",
    "est",
    "tm2",
    "ssse3",
    "fma",
    "cx16",
    "xtpr",
    "pdcm",
    "pcid",
    "dca",
    "sse4_1",
    "sse4_2",
    "x2apic",
    "movbe",
    "popcnt",
    "tsc_deadline_timer",
    "aes",
    "xsave",
    "avx",
    "f16c",
    "rdrand",
    "lahf_lm",
    "abm",
    "3dnowprefetch",
    "epb",
    "cat_l3",
    "cdp_l3",
    "intel_pt",
    "tpr_shadow",
    "vnmi",
    "flexpriority",
    "ept",
    "vpid",
    "fsgsbase",
    "tsc_adjust",
    "bmi1",
    "hle",
    "avx2",
    "smep",
    "bmi2",
    "erms",
    "invpcid",
    "rtm",
    "cqm",
    "rdt_a",
    "rdseed",
    "adx",
    "smap",
    "xsaveopt",
    "cqm_llc",
    "cqm_occup_llc",
    "cqm_mbm_total",
    "cqm_mbm_local",
    "dtherm",
    "ida",
    "arat",
    "pln",
    "pts"
  ],
  "frequency": "3000.0000",
  "count": 32
}
---------------------------
NODE: cont02
============================
{
  "architecture": "x86_64",
  "model_name": "Intel(R) Xeon(R) CPU E5-2620 v4 @ 2.10GHz",
  "flags": [
    "fpu",
    "vme",
    "de",
    "pse",
    "tsc",
    "msr",
    "pae",
    "mce",
    "cx8",
    "apic",
    "sep",
    "mtrr",
    "pge",
    "mca",
    "cmov",
    "pat",
    "pse36",
    "clflush",
    "dts",
    "acpi",
    "mmx",
    "fxsr",
    "sse",
    "sse2",
    "ss",
    "ht",
    "tm",
    "pbe",
    "syscall",
    "nx",
    "pdpe1gb",
    "rdtscp",
    "lm",
    "constant_tsc",
    "arch_perfmon",
    "pebs",
    "bts",
    "rep_good",
    "nopl",
    "xtopology",
    "nonstop_tsc",
    "aperfmperf",
    "eagerfpu",
    "pni",
    "pclmulqdq",
    "dtes64",
    "monitor",
    "ds_cpl",
    "vmx",
    "smx",
    "est",
    "tm2",
    "ssse3",
    "fma",
    "cx16",
    "xtpr",
    "pdcm",
    "pcid",
    "dca",
    "sse4_1",
    "sse4_2",
    "x2apic",
    "movbe",
    "popcnt",
    "tsc_deadline_timer",
    "aes",
    "xsave",
    "avx",
    "f16c",
    "rdrand",
    "lahf_lm",
    "abm",
    "3dnowprefetch",
    "epb",
    "cat_l3",
    "cdp_l3",
    "intel_pt",
    "tpr_shadow",
    "vnmi",
    "flexpriority",
    "ept",
    "vpid",
    "fsgsbase",
    "tsc_adjust",
    "bmi1",
    "hle",
    "avx2",
    "smep",
    "bmi2",
    "erms",
    "invpcid",
    "rtm",
    "cqm",
    "rdt_a",
    "rdseed",
    "adx",
    "smap",
    "xsaveopt",
    "cqm_llc",
    "cqm_occup_llc",
    "cqm_mbm_total",
    "cqm_mbm_local",
    "dtherm",
    "ida",
    "arat",
    "pln",
    "pts"
  ],
  "frequency": "3000.0000",
  "count": 32
}
---------------------------
NODE: cont03
============================
{
  "architecture": "x86_64",
  "model_name": "Intel(R) Xeon(R) CPU E5-2620 v4 @ 2.10GHz",
  "flags": [
    "fpu",
    "vme",
    "de",
    "pse",
    "tsc",
    "msr",
    "pae",
    "mce",
    "cx8",
    "apic",
    "sep",
    "mtrr",
    "pge",
    "mca",
    "cmov",
    "pat",
    "pse36",
    "clflush",
    "dts",
    "acpi",
    "mmx",
    "fxsr",
    "sse",
    "sse2",
    "ss",
    "ht",
    "tm",
    "pbe",
    "syscall",
    "nx",
    "pdpe1gb",
    "rdtscp",
    "lm",
    "constant_tsc",
    "arch_perfmon",
    "pebs",
    "bts",
    "rep_good",
    "nopl",
    "xtopology",
    "nonstop_tsc",
    "aperfmperf",
    "eagerfpu",
    "pni",
    "pclmulqdq",
    "dtes64",
    "monitor",
    "ds_cpl",
    "vmx",
    "smx",
    "est",
    "tm2",
    "ssse3",
    "fma",
    "cx16",
    "xtpr",
    "pdcm",
    "pcid",
    "dca",
    "sse4_1",
    "sse4_2",
    "x2apic",
    "movbe",
    "popcnt",
    "tsc_deadline_timer",
    "aes",
    "xsave",
    "avx",
    "f16c",
    "rdrand",
    "lahf_lm",
    "abm",
    "3dnowprefetch",
    "epb",
    "cat_l3",
    "cdp_l3",
    "intel_pt",
    "tpr_shadow",
    "vnmi",
    "flexpriority",
    "ept",
    "vpid",
    "fsgsbase",
    "tsc_adjust",
    "bmi1",
    "hle",
    "avx2",
    "smep",
    "bmi2",
    "erms",
    "invpcid",
    "rtm",
    "cqm",
    "rdt_a",
    "rdseed",
    "adx",
    "smap",
    "xsaveopt",
    "cqm_llc",
    "cqm_occup_llc",
    "cqm_mbm_total",
    "cqm_mbm_local",
    "dtherm",
    "ida",
    "arat",
    "pln",
    "pts"
  ],
  "frequency": "3000.0000",
  "count": 32
}
---------------------------
NODE: Hcomp01
============================
{
  "architecture": "x86_64",
  "model_name": "Intel(R) Xeon(R) CPU E5-2680 v4 @ 2.40GHz",
  "flags": [
    "fpu",
    "vme",
    "de",
    "pse",
    "tsc",
    "msr",
    "pae",
    "mce",
    "cx8",
    "apic",
    "sep",
    "mtrr",
    "pge",
    "mca",
    "cmov",
    "pat",
    "pse36",
    "clflush",
    "dts",
    "acpi",
    "mmx",
    "fxsr",
    "sse",
    "sse2",
    "ss",
    "ht",
    "tm",
    "pbe",
    "syscall",
    "nx",
    "pdpe1gb",
    "rdtscp",
    "lm",
    "constant_tsc",
    "arch_perfmon",
    "pebs",
    "bts",
    "rep_good",
    "nopl",
    "xtopology",
    "nonstop_tsc",
    "aperfmperf",
    "eagerfpu",
    "pni",
    "pclmulqdq",
    "dtes64",
    "monitor",
    "ds_cpl",
    "vmx",
    "smx",
    "est",
    "tm2",
    "ssse3",
    "fma",
    "cx16",
    "xtpr",
    "pdcm",
    "pcid",
    "dca",
    "sse4_1",
    "sse4_2",
    "x2apic",
    "movbe",
    "popcnt",
    "tsc_deadline_timer",
    "aes",
    "xsave",
    "avx",
    "f16c",
    "rdrand",
    "lahf_lm",
    "abm",
    "3dnowprefetch",
    "epb",
    "cat_l3",
    "cdp_l3",
    "intel_pt",
    "tpr_shadow",
    "vnmi",
    "flexpriority",
    "ept",
    "vpid",
    "fsgsbase",
    "tsc_adjust",
    "bmi1",
    "hle",
    "avx2",
    "smep",
    "bmi2",
    "erms",
    "invpcid",
    "rtm",
    "cqm",
    "rdt_a",
    "rdseed",
    "adx",
    "smap",
    "xsaveopt",
    "cqm_llc",
    "cqm_occup_llc",
    "cqm_mbm_total",
    "cqm_mbm_local",
    "dtherm",
    "ida",
    "arat",
    "pln",
    "pts"
  ],
  "frequency": "3300.0000",
  "count": 56
}
---------------------------
NODE: Hcomp02
============================
{
  "architecture": "x86_64",
  "model_name": "Intel(R) Xeon(R) CPU E5-2680 v4 @ 2.40GHz",
  "flags": [
    "fpu",
    "vme",
    "de",
    "pse",
    "tsc",
    "msr",
    "pae",
    "mce",
    "cx8",
    "apic",
    "sep",
    "mtrr",
    "pge",
    "mca",
    "cmov",
    "pat",
    "pse36",
    "clflush",
    "dts",
    "acpi",
    "mmx",
    "fxsr",
    "sse",
    "sse2",
    "ss",
    "ht",
    "tm",
    "pbe",
    "syscall",
    "nx",
    "pdpe1gb",
    "rdtscp",
    "lm",
    "constant_tsc",
    "arch_perfmon",
    "pebs",
    "bts",
    "rep_good",
    "nopl",
    "xtopology",
    "nonstop_tsc",
    "aperfmperf",
    "eagerfpu",
    "pni",
    "pclmulqdq",
    "dtes64",
    "monitor",
    "ds_cpl",
    "vmx",
    "smx",
    "est",
    "tm2",
    "ssse3",
    "fma",
    "cx16",
    "xtpr",
    "pdcm",
    "pcid",
    "dca",
    "sse4_1",
    "sse4_2",
    "x2apic",
    "movbe",
    "popcnt",
    "tsc_deadline_timer",
    "aes",
    "xsave",
    "avx",
    "f16c",
    "rdrand",
    "lahf_lm",
    "abm",
    "3dnowprefetch",
    "epb",
    "cat_l3",
    "cdp_l3",
    "intel_pt",
    "tpr_shadow",
    "vnmi",
    "flexpriority",
    "ept",
    "vpid",
    "fsgsbase",
    "tsc_adjust",
    "bmi1",
    "hle",
    "avx2",
    "smep",
    "bmi2",
    "erms",
    "invpcid",
    "rtm",
    "cqm",
    "rdt_a",
    "rdseed",
    "adx",
    "smap",
    "xsaveopt",
    "cqm_llc",
    "cqm_occup_llc",
    "cqm_mbm_total",
    "cqm_mbm_local",
    "dtherm",
    "ida",
    "arat",
    "pln",
    "pts"
  ],
  "frequency": "3300.0000",
  "count": 56
}
---------------------------
NODE: Hcomp03
============================
{
  "architecture": "x86_64",
  "model_name": "Intel(R) Xeon(R) CPU E5-2680 v4 @ 2.40GHz",
  "flags": [
    "fpu",
    "vme",
    "de",
    "pse",
    "tsc",
    "msr",
    "pae",
    "mce",
    "cx8",
    "apic",
    "sep",
    "mtrr",
    "pge",
    "mca",
    "cmov",
    "pat",
    "pse36",
    "clflush",
    "dts",
    "acpi",
    "mmx",
    "fxsr",
    "sse",
    "sse2",
    "ss",
    "ht",
    "tm",
    "pbe",
    "syscall",
    "nx",
    "pdpe1gb",
    "rdtscp",
    "lm",
    "constant_tsc",
    "arch_perfmon",
    "pebs",
    "bts",
    "rep_good",
    "nopl",
    "xtopology",
    "nonstop_tsc",
    "aperfmperf",
    "eagerfpu",
    "pni",
    "pclmulqdq",
    "dtes64",
    "monitor",
    "ds_cpl",
    "vmx",
    "smx",
    "est",
    "tm2",
    "ssse3",
    "fma",
    "cx16",
    "xtpr",
    "pdcm",
    "pcid",
    "dca",
    "sse4_1",
    "sse4_2",
    "x2apic",
    "movbe",
    "popcnt",
    "tsc_deadline_timer",
    "aes",
    "xsave",
    "avx",
    "f16c",
    "rdrand",
    "lahf_lm",
    "abm",
    "3dnowprefetch",
    "epb",
    "cat_l3",
    "cdp_l3",
    "intel_pt",
    "tpr_shadow",
    "vnmi",
    "flexpriority",
    "ept",
    "vpid",
    "fsgsbase",
    "tsc_adjust",
    "bmi1",
    "hle",
    "avx2",
    "smep",
    "bmi2",
    "erms",
    "invpcid",
    "rtm",
    "cqm",
    "rdt_a",
    "rdseed",
    "adx",
    "smap",
    "xsaveopt",
    "cqm_llc",
    "cqm_occup_llc",
    "cqm_mbm_total",
    "cqm_mbm_local",
    "dtherm",
    "ida",
    "arat",
    "pln",
    "pts"
  ],
  "frequency": "3300.0000",
  "count": 56
}
---------------------------
NODE: Hcomp04
============================
{
  "architecture": "x86_64",
  "model_name": "Intel(R) Xeon(R) CPU E5-2680 v4 @ 2.40GHz",
  "flags": [
    "fpu",
    "vme",
    "de",
    "pse",
    "tsc",
    "msr",
    "pae",
    "mce",
    "cx8",
    "apic",
    "sep",
    "mtrr",
    "pge",
    "mca",
    "cmov",
    "pat",
    "pse36",
    "clflush",
    "dts",
    "acpi",
    "mmx",
    "fxsr",
    "sse",
    "sse2",
    "ss",
    "ht",
    "tm",
    "pbe",
    "syscall",
    "nx",
    "pdpe1gb",
    "rdtscp",
    "lm",
    "constant_tsc",
    "arch_perfmon",
    "pebs",
    "bts",
    "rep_good",
    "nopl",
    "xtopology",
    "nonstop_tsc",
    "aperfmperf",
    "eagerfpu",
    "pni",
    "pclmulqdq",
    "dtes64",
    "monitor",
    "ds_cpl",
    "vmx",
    "smx",
    "est",
    "tm2",
    "ssse3",
    "fma",
    "cx16",
    "xtpr",
    "pdcm",
    "pcid",
    "dca",
    "sse4_1",
    "sse4_2",
    "x2apic",
    "movbe",
    "popcnt",
    "tsc_deadline_timer",
    "aes",
    "xsave",
    "avx",
    "f16c",
    "rdrand",
    "lahf_lm",
    "abm",
    "3dnowprefetch",
    "epb",
    "cat_l3",
    "cdp_l3",
    "intel_pt",
    "tpr_shadow",
    "vnmi",
    "flexpriority",
    "ept",
    "vpid",
    "fsgsbase",
    "tsc_adjust",
    "bmi1",
    "hle",
    "avx2",
    "smep",
    "bmi2",
    "erms",
    "invpcid",
    "rtm",
    "cqm",
    "rdt_a",
    "rdseed",
    "adx",
    "smap",
    "xsaveopt",
    "cqm_llc",
    "cqm_occup_llc",
    "cqm_mbm_total",
    "cqm_mbm_local",
    "dtherm",
    "ida",
    "arat",
    "pln",
    "pts"
  ],
  "frequency": "3300.0000",
  "count": 56
}
---------------------------
NODE: Hcomp05
============================
{
  "architecture": "x86_64",
  "model_name": "Intel(R) Xeon(R) CPU E5-2680 v4 @ 2.40GHz",
  "flags": [
    "fpu",
    "vme",
    "de",
    "pse",
    "tsc",
    "msr",
    "pae",
    "mce",
    "cx8",
    "apic",
    "sep",
    "mtrr",
    "pge",
    "mca",
    "cmov",
    "pat",
    "pse36",
    "clflush",
    "dts",
    "acpi",
    "mmx",
    "fxsr",
    "sse",
    "sse2",
    "ss",
    "ht",
    "tm",
    "pbe",
    "syscall",
    "nx",
    "pdpe1gb",
    "rdtscp",
    "lm",
    "constant_tsc",
    "arch_perfmon",
    "pebs",
    "bts",
    "rep_good",
    "nopl",
    "xtopology",
    "nonstop_tsc",
    "aperfmperf",
    "eagerfpu",
    "pni",
    "pclmulqdq",
    "dtes64",
    "monitor",
    "ds_cpl",
    "vmx",
    "smx",
    "est",
    "tm2",
    "ssse3",
    "fma",
    "cx16",
    "xtpr",
    "pdcm",
    "pcid",
    "dca",
    "sse4_1",
    "sse4_2",
    "x2apic",
    "movbe",
    "popcnt",
    "tsc_deadline_timer",
    "aes",
    "xsave",
    "avx",
    "f16c",
    "rdrand",
    "lahf_lm",
    "abm",
    "3dnowprefetch",
    "epb",
    "cat_l3",
    "cdp_l3",
    "intel_pt",
    "tpr_shadow",
    "vnmi",
    "flexpriority",
    "ept",
    "vpid",
    "fsgsbase",
    "tsc_adjust",
    "bmi1",
    "hle",
    "avx2",
    "smep",
    "bmi2",
    "erms",
    "invpcid",
    "rtm",
    "cqm",
    "rdt_a",
    "rdseed",
    "adx",
    "smap",
    "xsaveopt",
    "cqm_llc",
    "cqm_occup_llc",
    "cqm_mbm_total",
    "cqm_mbm_local",
    "dtherm",
    "ida",
    "arat",
    "pln",
    "pts"
  ],
  "frequency": "3300.0000",
  "count": 56
}
---------------------------
NODE: Hcomp06
============================
{
  "architecture": "x86_64",
  "model_name": "Intel(R) Xeon(R) CPU E5-2680 v4 @ 2.40GHz",
  "flags": [
    "fpu",
    "vme",
    "de",
    "pse",
    "tsc",
    "msr",
    "pae",
    "mce",
    "cx8",
    "apic",
    "sep",
    "mtrr",
    "pge",
    "mca",
    "cmov",
    "pat",
    "pse36",
    "clflush",
    "dts",
    "acpi",
    "mmx",
    "fxsr",
    "sse",
    "sse2",
    "ss",
    "ht",
    "tm",
    "pbe",
    "syscall",
    "nx",
    "pdpe1gb",
    "rdtscp",
    "lm",
    "constant_tsc",
    "arch_perfmon",
    "pebs",
    "bts",
    "rep_good",
    "nopl",
    "xtopology",
    "nonstop_tsc",
    "aperfmperf",
    "eagerfpu",
    "pni",
    "pclmulqdq",
    "dtes64",
    "monitor",
    "ds_cpl",
    "vmx",
    "smx",
    "est",
    "tm2",
    "ssse3",
    "fma",
    "cx16",
    "xtpr",
    "pdcm",
    "pcid",
    "dca",
    "sse4_1",
    "sse4_2",
    "x2apic",
    "movbe",
    "popcnt",
    "tsc_deadline_timer",
    "aes",
    "xsave",
    "avx",
    "f16c",
    "rdrand",
    "lahf_lm",
    "abm",
    "3dnowprefetch",
    "epb",
    "cat_l3",
    "cdp_l3",
    "intel_pt",
    "tpr_shadow",
    "vnmi",
    "flexpriority",
    "ept",
    "vpid",
    "fsgsbase",
    "tsc_adjust",
    "bmi1",
    "hle",
    "avx2",
    "smep",
    "bmi2",
    "erms",
    "invpcid",
    "rtm",
    "cqm",
    "rdt_a",
    "rdseed",
    "adx",
    "smap",
    "xsaveopt",
    "cqm_llc",
    "cqm_occup_llc",
    "cqm_mbm_total",
    "cqm_mbm_local",
    "dtherm",
    "ida",
    "arat",
    "pln",
    "pts"
  ],
  "frequency": "3300.0000",
  "count": 56
}
---------------------------
NODE: Hcomp07
============================
{
  "architecture": "x86_64",
  "model_name": "Intel(R) Xeon(R) CPU E5-2680 v4 @ 2.40GHz",
  "flags": [
    "fpu",
    "vme",
    "de",
    "pse",
    "tsc",
    "msr",
    "pae",
    "mce",
    "cx8",
    "apic",
    "sep",
    "mtrr",
    "pge",
    "mca",
    "cmov",
    "pat",
    "pse36",
    "clflush",
    "dts",
    "acpi",
    "mmx",
    "fxsr",
    "sse",
    "sse2",
    "ss",
    "ht",
    "tm",
    "pbe",
    "syscall",
    "nx",
    "pdpe1gb",
    "rdtscp",
    "lm",
    "constant_tsc",
    "arch_perfmon",
    "pebs",
    "bts",
    "rep_good",
    "nopl",
    "xtopology",
    "nonstop_tsc",
    "aperfmperf",
    "eagerfpu",
    "pni",
    "pclmulqdq",
    "dtes64",
    "monitor",
    "ds_cpl",
    "vmx",
    "smx",
    "est",
    "tm2",
    "ssse3",
    "fma",
    "cx16",
    "xtpr",
    "pdcm",
    "pcid",
    "dca",
    "sse4_1",
    "sse4_2",
    "x2apic",
    "movbe",
    "popcnt",
    "tsc_deadline_timer",
    "aes",
    "xsave",
    "avx",
    "f16c",
    "rdrand",
    "lahf_lm",
    "abm",
    "3dnowprefetch",
    "epb",
    "cat_l3",
    "cdp_l3",
    "intel_pt",
    "tpr_shadow",
    "vnmi",
    "flexpriority",
    "ept",
    "vpid",
    "fsgsbase",
    "tsc_adjust",
    "bmi1",
    "hle",
    "avx2",
    "smep",
    "bmi2",
    "erms",
    "invpcid",
    "rtm",
    "cqm",
    "rdt_a",
    "rdseed",
    "adx",
    "smap",
    "xsaveopt",
    "cqm_llc",
    "cqm_occup_llc",
    "cqm_mbm_total",
    "cqm_mbm_local",
    "dtherm",
    "ida",
    "arat",
    "pln",
    "pts"
  ],
  "frequency": "3300.0000",
  "count": 56
}
---------------------------
