NODE: cont01
============================
[
  {
    "mac_address": "18:66:da:e6:d5:83",
    "lldp": [
      [
        1,
        "047ce2ca2a9ac0"
      ],
      [
        2,
        "07353436"
      ],
      [
        3,
        "0078"
      ],
      [
        5,
        "4558333330302d56455043"
      ],
      [
        6,
        "4a756e69706572204e6574776f726b732c20496e632e206578333330302d343870202c2076657273696f6e2031322e3352392e34204275696c6420646174653a20323031352d30322d31322031313a32353a33302055544320"
      ],
      [
        7,
        "00140014"
      ],
      [
        4,
        "67652d302f302f32312e30"
      ],
      [
        127,
        "00120f01036c110000"
      ],
      [
        127,
        "00120f02070100"
      ],
      [
        127,
        "00120f030100000000"
      ],
      [
        127,
        "00120f0405ea"
      ],
      [
        127,
        "00906901474230323137313630323335"
      ],
      [
        127,
        "0080c20302c40a74656e616e745f373038"
      ],
      [
        127,
        "0080c20302d00a74656e616e745f373230"
      ],
      [
        127,
        "0080c20302e00a74656e616e745f373336"
      ],
      [
        127,
        "0080c20302ec0a74656e616e745f373438"
      ],
      [
        127,
        "0080c20302fc0a74656e616e745f373634"
      ],
      [
        127,
        "0012bb01000f04"
      ],
      [
        127,
        "0012bb04130000"
      ],
      [
        0,
        ""
      ]
    ],
    "product": "0x165f",
    "vendor": "0x14e4",
    "name": "em4",
    "has_carrier": true,
    "switch_port_descr": null,
    "switch_chassis_descr": null,
    "ipv4_address": null
  },
  {
    "mac_address": "18:66:da:e6:d5:81",
    "lldp": [
      [
        1,
        "047ce2ca2a9ac0"
      ],
      [
        2,
        "07353431"
      ],
      [
        3,
        "0078"
      ],
      [
        5,
        "4558333330302d56455043"
      ],
      [
        6,
        "4a756e69706572204e6574776f726b732c20496e632e206578333330302d343870202c2076657273696f6e2031322e3352392e34204275696c6420646174653a20323031352d30322d31322031313a32353a33302055544320"
      ],
      [
        7,
        "00140014"
      ],
      [
        4,
        "67652d302f302f31392e30"
      ],
      [
        127,
        "00120f01036c110000"
      ],
      [
        127,
        "00120f02070100"
      ],
      [
        127,
        "00120f030100000000"
      ],
      [
        127,
        "00120f0405ea"
      ],
      [
        127,
        "00906901474230323137313630323335"
      ],
      [
        127,
        "0080c20302c40a74656e616e745f373038"
      ],
      [
        127,
        "0080c20302d00a74656e616e745f373230"
      ],
      [
        127,
        "0080c20302e00a74656e616e745f373336"
      ],
      [
        127,
        "0080c20302ec0a74656e616e745f373438"
      ],
      [
        127,
        "0080c20302fc0a74656e616e745f373634"
      ],
      [
        127,
        "0012bb01000f04"
      ],
      [
        127,
        "0012bb04130000"
      ],
      [
        0,
        ""
      ]
    ],
    "product": "0x165f",
    "vendor": "0x14e4",
    "name": "em2",
    "has_carrier": true,
    "switch_port_descr": null,
    "switch_chassis_descr": null,
    "ipv4_address": null
  },
  {
    "mac_address": "18:66:da:e6:d5:80",
    "lldp": [
      [
        1,
        "047ce2ca2a9ac0"
      ],
      [
        2,
        "07353339"
      ],
      [
        3,
        "0078"
      ],
      [
        5,
        "4558333330302d56455043"
      ],
      [
        6,
        "4a756e69706572204e6574776f726b732c20496e632e206578333330302d343870202c2076657273696f6e2031322e3352392e34204275696c6420646174653a20323031352d30322d31322031313a32353a33302055544320"
      ],
      [
        7,
        "00140014"
      ],
      [
        4,
        "67652d302f302f31382e30"
      ],
      [
        127,
        "00120f01036c110000"
      ],
      [
        127,
        "00120f02070100"
      ],
      [
        127,
        "00120f030100000000"
      ],
      [
        127,
        "00120f0405ea"
      ],
      [
        127,
        "0080c201000b"
      ],
      [
        127,
        "00906901474230323137313630323335"
      ],
      [
        127,
        "0080c203000b1470726f766973696f6e696e672d6e6574776f726b"
      ],
      [
        127,
        "0012bb01000f04"
      ],
      [
        127,
        "0012bb04130000"
      ],
      [
        0,
        ""
      ]
    ],
    "product": "0x165f",
    "vendor": "0x14e4",
    "name": "em1",
    "has_carrier": true,
    "switch_port_descr": null,
    "switch_chassis_descr": null,
    "ipv4_address": "192.0.2.101"
  },
  {
    "mac_address": "18:66:da:e6:d5:82",
    "lldp": [
      [
        1,
        "047ce2ca2a9ac0"
      ],
      [
        2,
        "07353433"
      ],
      [
        3,
        "0078"
      ],
      [
        5,
        "4558333330302d56455043"
      ],
      [
        6,
        "4a756e69706572204e6574776f726b732c20496e632e206578333330302d343870202c2076657273696f6e2031322e3352392e34204275696c6420646174653a20323031352d30322d31322031313a32353a33302055544320"
      ],
      [
        7,
        "00140014"
      ],
      [
        4,
        "67652d302f302f32302e30"
      ],
      [
        127,
        "00120f01036c110000"
      ],
      [
        127,
        "00120f02070100"
      ],
      [
        127,
        "00120f030100000000"
      ],
      [
        127,
        "00120f0405ea"
      ],
      [
        127,
        "00906901474230323137313630323335"
      ],
      [
        127,
        "0080c20302c40a74656e616e745f373038"
      ],
      [
        127,
        "0080c20302d00a74656e616e745f373230"
      ],
      [
        127,
        "0080c20302e00a74656e616e745f373336"
      ],
      [
        127,
        "0080c20302ec0a74656e616e745f373438"
      ],
      [
        127,
        "0080c20302fc0a74656e616e745f373634"
      ],
      [
        127,
        "0012bb01000f04"
      ],
      [
        127,
        "0012bb04130000"
      ],
      [
        0,
        ""
      ]
    ],
    "product": "0x165f",
    "vendor": "0x14e4",
    "name": "em3",
    "has_carrier": true,
    "switch_port_descr": null,
    "switch_chassis_descr": null,
    "ipv4_address": null
  }
]
---------------------------
NODE: cont02
============================
[
  {
    "mac_address": "18:66:da:e6:d5:db",
    "lldp": [
      [
        1,
        "047ce2ca2a9ac0"
      ],
      [
        2,
        "07353533"
      ],
      [
        3,
        "0078"
      ],
      [
        5,
        "4558333330302d56455043"
      ],
      [
        6,
        "4a756e69706572204e6574776f726b732c20496e632e206578333330302d343870202c2076657273696f6e2031322e3352392e34204275696c6420646174653a20323031352d30322d31322031313a32353a33302055544320"
      ],
      [
        7,
        "00140014"
      ],
      [
        4,
        "67652d302f302f32352e30"
      ],
      [
        127,
        "00120f01036c110000"
      ],
      [
        127,
        "00120f02070100"
      ],
      [
        127,
        "00120f030100000000"
      ],
      [
        127,
        "00120f0405ea"
      ],
      [
        127,
        "00906901474230323137313630323335"
      ],
      [
        127,
        "0080c20302c40a74656e616e745f373038"
      ],
      [
        127,
        "0080c20302d00a74656e616e745f373230"
      ],
      [
        127,
        "0080c20302e00a74656e616e745f373336"
      ],
      [
        127,
        "0080c20302ec0a74656e616e745f373438"
      ],
      [
        127,
        "0080c20302fc0a74656e616e745f373634"
      ],
      [
        127,
        "0012bb01000f04"
      ],
      [
        127,
        "0012bb04130000"
      ],
      [
        0,
        ""
      ]
    ],
    "product": "0x165f",
    "vendor": "0x14e4",
    "name": "em4",
    "has_carrier": true,
    "switch_port_descr": null,
    "switch_chassis_descr": null,
    "ipv4_address": null
  },
  {
    "mac_address": "18:66:da:e6:d5:d9",
    "lldp": [
      [
        1,
        "047ce2ca2a9ac0"
      ],
      [
        2,
        "07353531"
      ],
      [
        3,
        "0078"
      ],
      [
        5,
        "4558333330302d56455043"
      ],
      [
        6,
        "4a756e69706572204e6574776f726b732c20496e632e206578333330302d343870202c2076657273696f6e2031322e3352392e34204275696c6420646174653a20323031352d30322d31322031313a32353a33302055544320"
      ],
      [
        7,
        "00140014"
      ],
      [
        4,
        "67652d302f302f32332e30"
      ],
      [
        127,
        "00120f01036c110000"
      ],
      [
        127,
        "00120f02070100"
      ],
      [
        127,
        "00120f030100000000"
      ],
      [
        127,
        "00120f0405ea"
      ],
      [
        127,
        "00906901474230323137313630323335"
      ],
      [
        127,
        "0080c20302c40a74656e616e745f373038"
      ],
      [
        127,
        "0080c20302d00a74656e616e745f373230"
      ],
      [
        127,
        "0080c20302e00a74656e616e745f373336"
      ],
      [
        127,
        "0080c20302ec0a74656e616e745f373438"
      ],
      [
        127,
        "0080c20302fc0a74656e616e745f373634"
      ],
      [
        127,
        "0012bb01000f04"
      ],
      [
        127,
        "0012bb04130000"
      ],
      [
        0,
        ""
      ]
    ],
    "product": "0x165f",
    "vendor": "0x14e4",
    "name": "em2",
    "has_carrier": true,
    "switch_port_descr": null,
    "switch_chassis_descr": null,
    "ipv4_address": null
  },
  {
    "mac_address": "18:66:da:e6:d5:d8",
    "lldp": [
      [
        1,
        "047ce2ca2a9ac0"
      ],
      [
        2,
        "07353438"
      ],
      [
        3,
        "0078"
      ],
      [
        5,
        "4558333330302d56455043"
      ],
      [
        6,
        "4a756e69706572204e6574776f726b732c20496e632e206578333330302d343870202c2076657273696f6e2031322e3352392e34204275696c6420646174653a20323031352d30322d31322031313a32353a33302055544320"
      ],
      [
        7,
        "00140014"
      ],
      [
        4,
        "67652d302f302f32322e30"
      ],
      [
        127,
        "00120f01036c110000"
      ],
      [
        127,
        "00120f02070100"
      ],
      [
        127,
        "00120f030100000000"
      ],
      [
        127,
        "00120f0405ea"
      ],
      [
        127,
        "0080c201000b"
      ],
      [
        127,
        "00906901474230323137313630323335"
      ],
      [
        127,
        "0080c203000b1470726f766973696f6e696e672d6e6574776f726b"
      ],
      [
        127,
        "0012bb01000f04"
      ],
      [
        127,
        "0012bb04130000"
      ],
      [
        0,
        ""
      ]
    ],
    "product": "0x165f",
    "vendor": "0x14e4",
    "name": "em1",
    "has_carrier": true,
    "switch_port_descr": null,
    "switch_chassis_descr": null,
    "ipv4_address": "192.0.2.109"
  },
  {
    "mac_address": "18:66:da:e6:d5:da",
    "lldp": [
      [
        1,
        "047ce2ca2a9ac0"
      ],
      [
        2,
        "07353532"
      ],
      [
        3,
        "0078"
      ],
      [
        5,
        "4558333330302d56455043"
      ],
      [
        6,
        "4a756e69706572204e6574776f726b732c20496e632e206578333330302d343870202c2076657273696f6e2031322e3352392e34204275696c6420646174653a20323031352d30322d31322031313a32353a33302055544320"
      ],
      [
        7,
        "00140014"
      ],
      [
        4,
        "67652d302f302f32342e30"
      ],
      [
        127,
        "00120f01036c110000"
      ],
      [
        127,
        "00120f02070100"
      ],
      [
        127,
        "00120f030100000000"
      ],
      [
        127,
        "00120f0405ea"
      ],
      [
        127,
        "00906901474230323137313630323335"
      ],
      [
        127,
        "0080c20302c40a74656e616e745f373038"
      ],
      [
        127,
        "0080c20302d00a74656e616e745f373230"
      ],
      [
        127,
        "0080c20302e00a74656e616e745f373336"
      ],
      [
        127,
        "0080c20302ec0a74656e616e745f373438"
      ],
      [
        127,
        "0080c20302fc0a74656e616e745f373634"
      ],
      [
        127,
        "0012bb01000f04"
      ],
      [
        127,
        "0012bb04130000"
      ],
      [
        0,
        ""
      ]
    ],
    "product": "0x165f",
    "vendor": "0x14e4",
    "name": "em3",
    "has_carrier": true,
    "switch_port_descr": null,
    "switch_chassis_descr": null,
    "ipv4_address": null
  }
]
---------------------------
NODE: cont03
============================
[
  {
    "mac_address": "18:66:da:e6:d0:2b",
    "lldp": [
      [
        1,
        "047ce2ca2a9ac0"
      ],
      [
        2,
        "07353631"
      ],
      [
        3,
        "0078"
      ],
      [
        5,
        "4558333330302d56455043"
      ],
      [
        6,
        "4a756e69706572204e6574776f726b732c20496e632e206578333330302d343870202c2076657273696f6e2031322e3352392e34204275696c6420646174653a20323031352d30322d31322031313a32353a33302055544320"
      ],
      [
        7,
        "00140014"
      ],
      [
        4,
        "67652d302f302f32382e30"
      ],
      [
        127,
        "00120f01036c110000"
      ],
      [
        127,
        "00120f02070100"
      ],
      [
        127,
        "00120f030100000000"
      ],
      [
        127,
        "00120f0405ea"
      ],
      [
        127,
        "00906901474230323137313630323335"
      ],
      [
        127,
        "0080c20302c40a74656e616e745f373038"
      ],
      [
        127,
        "0080c20302d00a74656e616e745f373230"
      ],
      [
        127,
        "0080c20302e00a74656e616e745f373336"
      ],
      [
        127,
        "0080c20302ec0a74656e616e745f373438"
      ],
      [
        127,
        "0080c20302fc0a74656e616e745f373634"
      ],
      [
        127,
        "0012bb01000f04"
      ],
      [
        127,
        "0012bb04130000"
      ],
      [
        0,
        ""
      ]
    ],
    "product": "0x165f",
    "vendor": "0x14e4",
    "name": "em4",
    "has_carrier": true,
    "switch_port_descr": null,
    "switch_chassis_descr": null,
    "ipv4_address": null
  },
  {
    "mac_address": "18:66:da:e6:d0:29",
    "lldp": [
      [
        1,
        "047ce2ca2a9ac0"
      ],
      [
        2,
        "07353538"
      ],
      [
        3,
        "0078"
      ],
      [
        5,
        "4558333330302d56455043"
      ],
      [
        6,
        "4a756e69706572204e6574776f726b732c20496e632e206578333330302d343870202c2076657273696f6e2031322e3352392e34204275696c6420646174653a20323031352d30322d31322031313a32353a33302055544320"
      ],
      [
        7,
        "00140014"
      ],
      [
        4,
        "67652d302f302f32372e30"
      ],
      [
        127,
        "00120f01036c110000"
      ],
      [
        127,
        "00120f02070100"
      ],
      [
        127,
        "00120f030100000000"
      ],
      [
        127,
        "00120f0405ea"
      ],
      [
        127,
        "00906901474230323137313630323335"
      ],
      [
        127,
        "0080c20302c40a74656e616e745f373038"
      ],
      [
        127,
        "0080c20302d00a74656e616e745f373230"
      ],
      [
        127,
        "0080c20302e00a74656e616e745f373336"
      ],
      [
        127,
        "0080c20302ec0a74656e616e745f373438"
      ],
      [
        127,
        "0080c20302fc0a74656e616e745f373634"
      ],
      [
        127,
        "0012bb01000f04"
      ],
      [
        127,
        "0012bb04130000"
      ],
      [
        0,
        ""
      ]
    ],
    "product": "0x165f",
    "vendor": "0x14e4",
    "name": "em2",
    "has_carrier": true,
    "switch_port_descr": null,
    "switch_chassis_descr": null,
    "ipv4_address": null
  },
  {
    "mac_address": "18:66:da:e6:d0:28",
    "lldp": [
      [
        1,
        "047ce2ca2a9ac0"
      ],
      [
        2,
        "07353535"
      ],
      [
        3,
        "0078"
      ],
      [
        5,
        "4558333330302d56455043"
      ],
      [
        6,
        "4a756e69706572204e6574776f726b732c20496e632e206578333330302d343870202c2076657273696f6e2031322e3352392e34204275696c6420646174653a20323031352d30322d31322031313a32353a33302055544320"
      ],
      [
        7,
        "00140014"
      ],
      [
        4,
        "67652d302f302f32362e30"
      ],
      [
        127,
        "00120f01036c110000"
      ],
      [
        127,
        "00120f02070100"
      ],
      [
        127,
        "00120f030100000000"
      ],
      [
        127,
        "00120f0405ea"
      ],
      [
        127,
        "0080c201000b"
      ],
      [
        127,
        "00906901474230323137313630323335"
      ],
      [
        127,
        "0080c203000b1470726f766973696f6e696e672d6e6574776f726b"
      ],
      [
        127,
        "0012bb01000f04"
      ],
      [
        127,
        "0012bb04130000"
      ],
      [
        0,
        ""
      ]
    ],
    "product": "0x165f",
    "vendor": "0x14e4",
    "name": "em1",
    "has_carrier": true,
    "switch_port_descr": null,
    "switch_chassis_descr": null,
    "ipv4_address": "192.0.2.100"
  },
  {
    "mac_address": "18:66:da:e6:d0:2a",
    "lldp": [
      [
        1,
        "047ce2ca2a9ac0"
      ],
      [
        2,
        "07353635"
      ],
      [
        3,
        "0078"
      ],
      [
        5,
        "4558333330302d56455043"
      ],
      [
        6,
        "4a756e69706572204e6574776f726b732c20496e632e206578333330302d343870202c2076657273696f6e2031322e3352392e34204275696c6420646174653a20323031352d30322d31322031313a32353a33302055544320"
      ],
      [
        7,
        "00140014"
      ],
      [
        4,
        "67652d302f302f32392e30"
      ],
      [
        127,
        "00120f01036c110000"
      ],
      [
        127,
        "00120f02070100"
      ],
      [
        127,
        "00120f030100000000"
      ],
      [
        127,
        "00120f0405ea"
      ],
      [
        127,
        "00906901474230323137313630323335"
      ],
      [
        127,
        "0080c20302c40a74656e616e745f373038"
      ],
      [
        127,
        "0080c20302d00a74656e616e745f373230"
      ],
      [
        127,
        "0080c20302e00a74656e616e745f373336"
      ],
      [
        127,
        "0080c20302ec0a74656e616e745f373438"
      ],
      [
        127,
        "0080c20302fc0a74656e616e745f373634"
      ],
      [
        127,
        "0012bb01000f04"
      ],
      [
        127,
        "0012bb04130000"
      ],
      [
        0,
        ""
      ]
    ],
    "product": "0x165f",
    "vendor": "0x14e4",
    "name": "em3",
    "has_carrier": true,
    "switch_port_descr": null,
    "switch_chassis_descr": null,
    "ipv4_address": null
  }
]
---------------------------
NODE: Hcomp01
============================
[
  {
    "mac_address": "24:6e:96:2c:92:45",
    "lldp": [
      [
        1,
        "047ce2ca2a9ac0"
      ],
      [
        2,
        "07353730"
      ],
      [
        3,
        "0078"
      ],
      [
        5,
        "4558333330302d56455043"
      ],
      [
        6,
        "4a756e69706572204e6574776f726b732c20496e632e206578333330302d343870202c2076657273696f6e2031322e3352392e34204275696c6420646174653a20323031352d30322d31322031313a32353a33302055544320"
      ],
      [
        7,
        "00140014"
      ],
      [
        4,
        "67652d302f302f33312e30"
      ],
      [
        127,
        "00120f01036c110000"
      ],
      [
        127,
        "00120f02070100"
      ],
      [
        127,
        "00120f030100000000"
      ],
      [
        127,
        "00120f0405ea"
      ],
      [
        127,
        "00906901474230323137313630323335"
      ],
      [
        127,
        "0080c20302c40a74656e616e745f373038"
      ],
      [
        127,
        "0080c20302d00a74656e616e745f373230"
      ],
      [
        127,
        "0080c20302e00a74656e616e745f373336"
      ],
      [
        127,
        "0080c20302ec0a74656e616e745f373438"
      ],
      [
        127,
        "0080c20302fc0a74656e616e745f373634"
      ],
      [
        127,
        "0012bb01000f04"
      ],
      [
        127,
        "0012bb04130000"
      ],
      [
        0,
        ""
      ]
    ],
    "product": "0x1521",
    "vendor": "0x8086",
    "name": "eno4",
    "has_carrier": true,
    "switch_port_descr": null,
    "switch_chassis_descr": null,
    "ipv4_address": null
  },
  {
    "mac_address": "24:6e:96:2c:92:40",
    "lldp": [
      [
        1,
        "047ce2ca4f5c20"
      ],
      [
        2,
        "07353132"
      ],
      [
        3,
        "0078"
      ],
      [
        5,
        "5146582d312d56455043"
      ],
      [
        6,
        "4a756e69706572204e6574776f726b732c20496e632e20716678353131302d3438732d34632045746865726e6574205377697463682c206b65726e656c204a554e4f532031352e315835332d443231302e372c204275696c6420646174653a20323031362d31322d32322032313a35303a30342055544320436f707972696768742028632920313939362d32303136204a756e69706572204e6574776f726b732c20496e632e"
      ],
      [
        7,
        "00140014"
      ],
      [
        8,
        "05010a0a0afc02000000110c0103060102011f0101010111"
      ],
      [
        4,
        "78652d302f302f30"
      ],
      [
        127,
        "00120f010080000000"
      ],
      [
        127,
        "00120f030100000000"
      ],
      [
        127,
        "00120f0405ea"
      ],
      [
        127,
        "00906901575333373137313730303238"
      ],
      [
        127,
        "0080c203000106766c616e2d31"
      ],
      [
        127,
        "0080c203000a07766c616e2d3130"
      ],
      [
        127,
        "0080c203000b07766c616e2d3131"
      ],
      [
        127,
        "0080c203000c07766c616e2d3132"
      ],
      [
        127,
        "0080c203000d07766c616e2d3133"
      ],
      [
        127,
        "0012bb01000f04"
      ],
      [
        0,
        ""
      ]
    ],
    "product": "0x10fb",
    "vendor": "0x8086",
    "name": "eno1",
    "has_carrier": true,
    "switch_port_descr": null,
    "switch_chassis_descr": null,
    "ipv4_address": null
  },
  {
    "mac_address": "24:6e:96:2c:92:44",
    "lldp": [
      [
        1,
        "047ce2ca2a9ac0"
      ],
      [
        2,
        "07353637"
      ],
      [
        3,
        "0078"
      ],
      [
        5,
        "4558333330302d56455043"
      ],
      [
        6,
        "4a756e69706572204e6574776f726b732c20496e632e206578333330302d343870202c2076657273696f6e2031322e3352392e34204275696c6420646174653a20323031352d30322d31322031313a32353a33302055544320"
      ],
      [
        7,
        "00140014"
      ],
      [
        4,
        "67652d302f302f33302e30"
      ],
      [
        127,
        "00120f01036c110000"
      ],
      [
        127,
        "00120f02070100"
      ],
      [
        127,
        "00120f030100000000"
      ],
      [
        127,
        "00120f0405ea"
      ],
      [
        127,
        "0080c201000b"
      ],
      [
        127,
        "00906901474230323137313630323335"
      ],
      [
        127,
        "0080c203000b1470726f766973696f6e696e672d6e6574776f726b"
      ],
      [
        127,
        "0012bb01000f04"
      ],
      [
        127,
        "0012bb04130000"
      ],
      [
        0,
        ""
      ]
    ],
    "product": "0x1521",
    "vendor": "0x8086",
    "name": "eno3",
    "has_carrier": true,
    "switch_port_descr": null,
    "switch_chassis_descr": null,
    "ipv4_address": "192.0.2.106"
  },
  {
    "mac_address": "24:6e:96:2c:92:42",
    "lldp": [
      [
        1,
        "047ce2ca4f5c20"
      ],
      [
        2,
        "07353336"
      ],
      [
        3,
        "0078"
      ],
      [
        5,
        "5146582d312d56455043"
      ],
      [
        6,
        "4a756e69706572204e6574776f726b732c20496e632e20716678353131302d3438732d34632045746865726e6574205377697463682c206b65726e656c204a554e4f532031352e315835332d443231302e372c204275696c6420646174653a20323031362d31322d32322032313a35303a30342055544320436f707972696768742028632920313939362d32303136204a756e69706572204e6574776f726b732c20496e632e"
      ],
      [
        7,
        "00140014"
      ],
      [
        8,
        "05010a0a0afc02000000110c0103060102011f0101010111"
      ],
      [
        4,
        "78652d312f302f30"
      ],
      [
        127,
        "00120f010080000000"
      ],
      [
        127,
        "00120f030100000000"
      ],
      [
        127,
        "00120f0405ea"
      ],
      [
        127,
        "00906901575333373137313730303638"
      ],
      [
        127,
        "0080c203000106766c616e2d31"
      ],
      [
        127,
        "0080c203000a07766c616e2d3130"
      ],
      [
        127,
        "0080c203000b07766c616e2d3131"
      ],
      [
        127,
        "0080c203000c07766c616e2d3132"
      ],
      [
        127,
        "0080c203000d07766c616e2d3133"
      ],
      [
        127,
        "0012bb01000f04"
      ],
      [
        0,
        ""
      ]
    ],
    "product": "0x10fb",
    "vendor": "0x8086",
    "name": "eno2",
    "has_carrier": true,
    "switch_port_descr": null,
    "switch_chassis_descr": null,
    "ipv4_address": null
  }
]
---------------------------
NODE: Hcomp02
============================
[
  {
    "mac_address": "24:6e:96:2c:8c:85",
    "lldp": [
      [
        1,
        "047ce2ca2a9ac0"
      ],
      [
        2,
        "07353739"
      ],
      [
        3,
        "0078"
      ],
      [
        5,
        "4558333330302d56455043"
      ],
      [
        6,
        "4a756e69706572204e6574776f726b732c20496e632e206578333330302d343870202c2076657273696f6e2031322e3352392e34204275696c6420646174653a20323031352d30322d31322031313a32353a33302055544320"
      ],
      [
        7,
        "00140014"
      ],
      [
        4,
        "67652d302f302f33332e30"
      ],
      [
        127,
        "00120f01036c110000"
      ],
      [
        127,
        "00120f02070100"
      ],
      [
        127,
        "00120f030100000000"
      ],
      [
        127,
        "00120f0405ea"
      ],
      [
        127,
        "00906901474230323137313630323335"
      ],
      [
        127,
        "0080c20302c40a74656e616e745f373038"
      ],
      [
        127,
        "0080c20302d00a74656e616e745f373230"
      ],
      [
        127,
        "0080c20302e00a74656e616e745f373336"
      ],
      [
        127,
        "0080c20302ec0a74656e616e745f373438"
      ],
      [
        127,
        "0080c20302fc0a74656e616e745f373634"
      ],
      [
        127,
        "0012bb01000f04"
      ],
      [
        127,
        "0012bb04130000"
      ],
      [
        0,
        ""
      ]
    ],
    "product": "0x1521",
    "vendor": "0x8086",
    "name": "eno4",
    "has_carrier": true,
    "switch_port_descr": null,
    "switch_chassis_descr": null,
    "ipv4_address": null
  },
  {
    "mac_address": "24:6e:96:2c:8c:80",
    "lldp": [
      [
        1,
        "047ce2ca4f5c20"
      ],
      [
        2,
        "07353334"
      ],
      [
        3,
        "0078"
      ],
      [
        5,
        "5146582d312d56455043"
      ],
      [
        6,
        "4a756e69706572204e6574776f726b732c20496e632e20716678353131302d3438732d34632045746865726e6574205377697463682c206b65726e656c204a554e4f532031352e315835332d443231302e372c204275696c6420646174653a20323031362d31322d32322032313a35303a30342055544320436f707972696768742028632920313939362d32303136204a756e69706572204e6574776f726b732c20496e632e"
      ],
      [
        7,
        "00140014"
      ],
      [
        8,
        "05010a0a0afc02000000110c0103060102011f0101010111"
      ],
      [
        4,
        "78652d302f302f31"
      ],
      [
        127,
        "00120f010080000000"
      ],
      [
        127,
        "00120f030100000000"
      ],
      [
        127,
        "00120f0405ea"
      ],
      [
        127,
        "00906901575333373137313730303238"
      ],
      [
        127,
        "0080c203000106766c616e2d31"
      ],
      [
        127,
        "0080c203000a07766c616e2d3130"
      ],
      [
        127,
        "0080c203000b07766c616e2d3131"
      ],
      [
        127,
        "0080c203000c07766c616e2d3132"
      ],
      [
        127,
        "0080c203000d07766c616e2d3133"
      ],
      [
        127,
        "0012bb01000f04"
      ],
      [
        0,
        ""
      ]
    ],
    "product": "0x10fb",
    "vendor": "0x8086",
    "name": "eno1",
    "has_carrier": true,
    "switch_port_descr": null,
    "switch_chassis_descr": null,
    "ipv4_address": null
  },
  {
    "mac_address": "24:6e:96:2c:8c:84",
    "lldp": [
      [
        1,
        "047ce2ca2a9ac0"
      ],
      [
        2,
        "07353736"
      ],
      [
        3,
        "0078"
      ],
      [
        5,
        "4558333330302d56455043"
      ],
      [
        6,
        "4a756e69706572204e6574776f726b732c20496e632e206578333330302d343870202c2076657273696f6e2031322e3352392e34204275696c6420646174653a20323031352d30322d31322031313a32353a33302055544320"
      ],
      [
        7,
        "00140014"
      ],
      [
        4,
        "67652d302f302f33322e30"
      ],
      [
        127,
        "00120f01036c110000"
      ],
      [
        127,
        "00120f02070100"
      ],
      [
        127,
        "00120f030100000000"
      ],
      [
        127,
        "00120f0405ea"
      ],
      [
        127,
        "0080c201000b"
      ],
      [
        127,
        "00906901474230323137313630323335"
      ],
      [
        127,
        "0080c203000b1470726f766973696f6e696e672d6e6574776f726b"
      ],
      [
        127,
        "0012bb01000f04"
      ],
      [
        127,
        "0012bb04130000"
      ],
      [
        0,
        ""
      ]
    ],
    "product": "0x1521",
    "vendor": "0x8086",
    "name": "eno3",
    "has_carrier": true,
    "switch_port_descr": null,
    "switch_chassis_descr": null,
    "ipv4_address": "192.0.2.104"
  },
  {
    "mac_address": "24:6e:96:2c:8c:82",
    "lldp": [
      [
        1,
        "047ce2ca4f5c20"
      ],
      [
        2,
        "07353634"
      ],
      [
        3,
        "0078"
      ],
      [
        5,
        "5146582d312d56455043"
      ],
      [
        6,
        "4a756e69706572204e6574776f726b732c20496e632e20716678353131302d3438732d34632045746865726e6574205377697463682c206b65726e656c204a554e4f532031352e315835332d443231302e372c204275696c6420646174653a20323031362d31322d32322032313a35303a30342055544320436f707972696768742028632920313939362d32303136204a756e69706572204e6574776f726b732c20496e632e"
      ],
      [
        7,
        "00140014"
      ],
      [
        8,
        "05010a0a0afc02000000110c0103060102011f0101010111"
      ],
      [
        4,
        "78652d312f302f31"
      ],
      [
        127,
        "00120f010080000000"
      ],
      [
        127,
        "00120f030100000000"
      ],
      [
        127,
        "00120f0405ea"
      ],
      [
        127,
        "00906901575333373137313730303638"
      ],
      [
        127,
        "0080c203000106766c616e2d31"
      ],
      [
        127,
        "0080c203000a07766c616e2d3130"
      ],
      [
        127,
        "0080c203000b07766c616e2d3131"
      ],
      [
        127,
        "0080c203000c07766c616e2d3132"
      ],
      [
        127,
        "0080c203000d07766c616e2d3133"
      ],
      [
        127,
        "0012bb01000f04"
      ],
      [
        0,
        ""
      ]
    ],
    "product": "0x10fb",
    "vendor": "0x8086",
    "name": "eno2",
    "has_carrier": true,
    "switch_port_descr": null,
    "switch_chassis_descr": null,
    "ipv4_address": null
  }
]
---------------------------
NODE: Hcomp03
============================
[
  {
    "mac_address": "24:6e:96:2c:8c:ed",
    "lldp": [
      [
        1,
        "047ce2ca2a9ac0"
      ],
      [
        2,
        "07353834"
      ],
      [
        3,
        "0078"
      ],
      [
        5,
        "4558333330302d56455043"
      ],
      [
        6,
        "4a756e69706572204e6574776f726b732c20496e632e206578333330302d343870202c2076657273696f6e2031322e3352392e34204275696c6420646174653a20323031352d30322d31322031313a32353a33302055544320"
      ],
      [
        7,
        "00140014"
      ],
      [
        4,
        "67652d302f302f33352e30"
      ],
      [
        127,
        "00120f01036c110000"
      ],
      [
        127,
        "00120f02070100"
      ],
      [
        127,
        "00120f030100000000"
      ],
      [
        127,
        "00120f0405ea"
      ],
      [
        127,
        "00906901474230323137313630323335"
      ],
      [
        127,
        "0080c20302c40a74656e616e745f373038"
      ],
      [
        127,
        "0080c20302d00a74656e616e745f373230"
      ],
      [
        127,
        "0080c20302e00a74656e616e745f373336"
      ],
      [
        127,
        "0080c20302ec0a74656e616e745f373438"
      ],
      [
        127,
        "0080c20302fc0a74656e616e745f373634"
      ],
      [
        127,
        "0012bb01000f04"
      ],
      [
        127,
        "0012bb04130000"
      ],
      [
        0,
        ""
      ]
    ],
    "product": "0x1521",
    "vendor": "0x8086",
    "name": "eno4",
    "has_carrier": true,
    "switch_port_descr": null,
    "switch_chassis_descr": null,
    "ipv4_address": null
  },
  {
    "mac_address": "24:6e:96:2c:8c:e8",
    "lldp": [
      [
        1,
        "047ce2ca4f5c20"
      ],
      [
        2,
        "07353136"
      ],
      [
        3,
        "0078"
      ],
      [
        5,
        "5146582d312d56455043"
      ],
      [
        6,
        "4a756e69706572204e6574776f726b732c20496e632e20716678353131302d3438732d34632045746865726e6574205377697463682c206b65726e656c204a554e4f532031352e315835332d443231302e372c204275696c6420646174653a20323031362d31322d32322032313a35303a30342055544320436f707972696768742028632920313939362d32303136204a756e69706572204e6574776f726b732c20496e632e"
      ],
      [
        7,
        "00140014"
      ],
      [
        8,
        "05010a0a0afc02000000110c0103060102011f0101010111"
      ],
      [
        4,
        "78652d302f302f32"
      ],
      [
        127,
        "00120f010080000000"
      ],
      [
        127,
        "00120f030100000000"
      ],
      [
        127,
        "00120f0405ea"
      ],
      [
        127,
        "00906901575333373137313730303238"
      ],
      [
        127,
        "0080c203000106766c616e2d31"
      ],
      [
        127,
        "0080c203000a07766c616e2d3130"
      ],
      [
        127,
        "0080c203000b07766c616e2d3131"
      ],
      [
        127,
        "0080c203000c07766c616e2d3132"
      ],
      [
        127,
        "0080c203000d07766c616e2d3133"
      ],
      [
        127,
        "0012bb01000f04"
      ],
      [
        0,
        ""
      ]
    ],
    "product": "0x10fb",
    "vendor": "0x8086",
    "name": "eno1",
    "has_carrier": true,
    "switch_port_descr": null,
    "switch_chassis_descr": null,
    "ipv4_address": null
  },
  {
    "mac_address": "24:6e:96:2c:8c:ec",
    "lldp": [
      [
        1,
        "047ce2ca2a9ac0"
      ],
      [
        2,
        "07353832"
      ],
      [
        3,
        "0078"
      ],
      [
        5,
        "4558333330302d56455043"
      ],
      [
        6,
        "4a756e69706572204e6574776f726b732c20496e632e206578333330302d343870202c2076657273696f6e2031322e3352392e34204275696c6420646174653a20323031352d30322d31322031313a32353a33302055544320"
      ],
      [
        7,
        "00140014"
      ],
      [
        4,
        "67652d302f302f33342e30"
      ],
      [
        127,
        "00120f01036c110000"
      ],
      [
        127,
        "00120f02070100"
      ],
      [
        127,
        "00120f030100000000"
      ],
      [
        127,
        "00120f0405ea"
      ],
      [
        127,
        "0080c201000b"
      ],
      [
        127,
        "00906901474230323137313630323335"
      ],
      [
        127,
        "0080c203000b1470726f766973696f6e696e672d6e6574776f726b"
      ],
      [
        127,
        "0012bb01000f04"
      ],
      [
        127,
        "0012bb04130000"
      ],
      [
        0,
        ""
      ]
    ],
    "product": "0x1521",
    "vendor": "0x8086",
    "name": "eno3",
    "has_carrier": true,
    "switch_port_descr": null,
    "switch_chassis_descr": null,
    "ipv4_address": "192.0.2.102"
  },
  {
    "mac_address": "24:6e:96:2c:8c:ea",
    "lldp": [
      [
        1,
        "047ce2ca4f5c20"
      ],
      [
        2,
        "07353337"
      ],
      [
        3,
        "0078"
      ],
      [
        5,
        "5146582d312d56455043"
      ],
      [
        6,
        "4a756e69706572204e6574776f726b732c20496e632e20716678353131302d3438732d34632045746865726e6574205377697463682c206b65726e656c204a554e4f532031352e315835332d443231302e372c204275696c6420646174653a20323031362d31322d32322032313a35303a30342055544320436f707972696768742028632920313939362d32303136204a756e69706572204e6574776f726b732c20496e632e"
      ],
      [
        7,
        "00140014"
      ],
      [
        8,
        "05010a0a0afc02000000110c0103060102011f0101010111"
      ],
      [
        4,
        "78652d312f302f32"
      ],
      [
        127,
        "00120f010080000000"
      ],
      [
        127,
        "00120f030100000000"
      ],
      [
        127,
        "00120f0405ea"
      ],
      [
        127,
        "00906901575333373137313730303638"
      ],
      [
        127,
        "0080c203000106766c616e2d31"
      ],
      [
        127,
        "0080c203000a07766c616e2d3130"
      ],
      [
        127,
        "0080c203000b07766c616e2d3131"
      ],
      [
        127,
        "0080c203000c07766c616e2d3132"
      ],
      [
        127,
        "0080c203000d07766c616e2d3133"
      ],
      [
        127,
        "0012bb01000f04"
      ],
      [
        0,
        ""
      ]
    ],
    "product": "0x10fb",
    "vendor": "0x8086",
    "name": "eno2",
    "has_carrier": true,
    "switch_port_descr": null,
    "switch_chassis_descr": null,
    "ipv4_address": null
  }
]
---------------------------
NODE: Hcomp04
============================
[
  {
    "mac_address": "24:6e:96:2c:8d:45",
    "lldp": [
      [
        1,
        "047ce2ca2a9ac0"
      ],
      [
        2,
        "07353837"
      ],
      [
        3,
        "0078"
      ],
      [
        5,
        "4558333330302d56455043"
      ],
      [
        6,
        "4a756e69706572204e6574776f726b732c20496e632e206578333330302d343870202c2076657273696f6e2031322e3352392e34204275696c6420646174653a20323031352d30322d31322031313a32353a33302055544320"
      ],
      [
        7,
        "00140014"
      ],
      [
        4,
        "67652d302f302f33372e30"
      ],
      [
        127,
        "00120f01036c110000"
      ],
      [
        127,
        "00120f02070100"
      ],
      [
        127,
        "00120f030100000000"
      ],
      [
        127,
        "00120f0405ea"
      ],
      [
        127,
        "00906901474230323137313630323335"
      ],
      [
        127,
        "0080c20302c40a74656e616e745f373038"
      ],
      [
        127,
        "0080c20302d00a74656e616e745f373230"
      ],
      [
        127,
        "0080c20302e00a74656e616e745f373336"
      ],
      [
        127,
        "0080c20302ec0a74656e616e745f373438"
      ],
      [
        127,
        "0080c20302fc0a74656e616e745f373634"
      ],
      [
        127,
        "0012bb01000f04"
      ],
      [
        127,
        "0012bb04130000"
      ],
      [
        0,
        ""
      ]
    ],
    "product": "0x1521",
    "vendor": "0x8086",
    "name": "eno4",
    "has_carrier": true,
    "switch_port_descr": null,
    "switch_chassis_descr": null,
    "ipv4_address": null
  },
  {
    "mac_address": "24:6e:96:2c:8d:40",
    "lldp": [
      [
        1,
        "047ce2ca4f5c20"
      ],
      [
        2,
        "07353138"
      ],
      [
        3,
        "0078"
      ],
      [
        5,
        "5146582d312d56455043"
      ],
      [
        6,
        "4a756e69706572204e6574776f726b732c20496e632e20716678353131302d3438732d34632045746865726e6574205377697463682c206b65726e656c204a554e4f532031352e315835332d443231302e372c204275696c6420646174653a20323031362d31322d32322032313a35303a30342055544320436f707972696768742028632920313939362d32303136204a756e69706572204e6574776f726b732c20496e632e"
      ],
      [
        7,
        "00140014"
      ],
      [
        8,
        "05010a0a0afc02000000110c0103060102011f0101010111"
      ],
      [
        4,
        "78652d302f302f33"
      ],
      [
        127,
        "00120f010080000000"
      ],
      [
        127,
        "00120f030100000000"
      ],
      [
        127,
        "00120f0405ea"
      ],
      [
        127,
        "00906901575333373137313730303238"
      ],
      [
        127,
        "0080c203000106766c616e2d31"
      ],
      [
        127,
        "0080c203000a07766c616e2d3130"
      ],
      [
        127,
        "0080c203000b07766c616e2d3131"
      ],
      [
        127,
        "0080c203000c07766c616e2d3132"
      ],
      [
        127,
        "0080c203000d07766c616e2d3133"
      ],
      [
        127,
        "0012bb01000f04"
      ],
      [
        0,
        ""
      ]
    ],
    "product": "0x10fb",
    "vendor": "0x8086",
    "name": "eno1",
    "has_carrier": true,
    "switch_port_descr": null,
    "switch_chassis_descr": null,
    "ipv4_address": null
  },
  {
    "mac_address": "24:6e:96:2c:8d:44",
    "lldp": [
      [
        1,
        "047ce2ca2a9ac0"
      ],
      [
        2,
        "07353836"
      ],
      [
        3,
        "0078"
      ],
      [
        5,
        "4558333330302d56455043"
      ],
      [
        6,
        "4a756e69706572204e6574776f726b732c20496e632e206578333330302d343870202c2076657273696f6e2031322e3352392e34204275696c6420646174653a20323031352d30322d31322031313a32353a33302055544320"
      ],
      [
        7,
        "00140014"
      ],
      [
        4,
        "67652d302f302f33362e30"
      ],
      [
        127,
        "00120f01036c110000"
      ],
      [
        127,
        "00120f02070100"
      ],
      [
        127,
        "00120f030100000000"
      ],
      [
        127,
        "00120f0405ea"
      ],
      [
        127,
        "0080c201000b"
      ],
      [
        127,
        "00906901474230323137313630323335"
      ],
      [
        127,
        "0080c203000b1470726f766973696f6e696e672d6e6574776f726b"
      ],
      [
        127,
        "0012bb01000f04"
      ],
      [
        127,
        "0012bb04130000"
      ],
      [
        0,
        ""
      ]
    ],
    "product": "0x1521",
    "vendor": "0x8086",
    "name": "eno3",
    "has_carrier": true,
    "switch_port_descr": null,
    "switch_chassis_descr": null,
    "ipv4_address": "192.0.2.105"
  },
  {
    "mac_address": "24:6e:96:2c:8d:42",
    "lldp": [
      [
        1,
        "047ce2ca4f5c20"
      ],
      [
        2,
        "07353338"
      ],
      [
        3,
        "0078"
      ],
      [
        5,
        "5146582d312d56455043"
      ],
      [
        6,
        "4a756e69706572204e6574776f726b732c20496e632e20716678353131302d3438732d34632045746865726e6574205377697463682c206b65726e656c204a554e4f532031352e315835332d443231302e372c204275696c6420646174653a20323031362d31322d32322032313a35303a30342055544320436f707972696768742028632920313939362d32303136204a756e69706572204e6574776f726b732c20496e632e"
      ],
      [
        7,
        "00140014"
      ],
      [
        8,
        "05010a0a0afc02000000110c0103060102011f0101010111"
      ],
      [
        4,
        "78652d312f302f33"
      ],
      [
        127,
        "00120f010080000000"
      ],
      [
        127,
        "00120f030100000000"
      ],
      [
        127,
        "00120f0405ea"
      ],
      [
        127,
        "00906901575333373137313730303638"
      ],
      [
        127,
        "0080c203000106766c616e2d31"
      ],
      [
        127,
        "0080c203000a07766c616e2d3130"
      ],
      [
        127,
        "0080c203000b07766c616e2d3131"
      ],
      [
        127,
        "0080c203000c07766c616e2d3132"
      ],
      [
        127,
        "0080c203000d07766c616e2d3133"
      ],
      [
        127,
        "0012bb01000f04"
      ],
      [
        0,
        ""
      ]
    ],
    "product": "0x10fb",
    "vendor": "0x8086",
    "name": "eno2",
    "has_carrier": true,
    "switch_port_descr": null,
    "switch_chassis_descr": null,
    "ipv4_address": null
  }
]
---------------------------
NODE: Hcomp05
============================
[
  {
    "mac_address": "a0:36:9f:c2:a5:3e",
    "lldp": [],
    "product": "0x154d",
    "vendor": "0x8086",
    "name": "enp4s0f1",
    "has_carrier": false,
    "switch_port_descr": null,
    "switch_chassis_descr": null,
    "ipv4_address": null
  },
  {
    "mac_address": "a0:36:9f:c2:a5:3c",
    "lldp": [],
    "product": "0x154d",
    "vendor": "0x8086",
    "name": "enp4s0f0",
    "has_carrier": false,
    "switch_port_descr": null,
    "switch_chassis_descr": null,
    "ipv4_address": null
  },
  {
    "mac_address": "24:6e:96:2c:8e:cd",
    "lldp": [
      [
        1,
        "047ce2ca2a9ac0"
      ],
      [
        2,
        "07353839"
      ],
      [
        3,
        "0078"
      ],
      [
        5,
        "4558333330302d56455043"
      ],
      [
        6,
        "4a756e69706572204e6574776f726b732c20496e632e206578333330302d343870202c2076657273696f6e2031322e3352392e34204275696c6420646174653a20323031352d30322d31322031313a32353a33302055544320"
      ],
      [
        7,
        "00140014"
      ],
      [
        4,
        "67652d302f302f33392e30"
      ],
      [
        127,
        "00120f01036c110000"
      ],
      [
        127,
        "00120f02070100"
      ],
      [
        127,
        "00120f030100000000"
      ],
      [
        127,
        "00120f0405ea"
      ],
      [
        127,
        "00906901474230323137313630323335"
      ],
      [
        127,
        "0080c20302c40a74656e616e745f373038"
      ],
      [
        127,
        "0080c20302d00a74656e616e745f373230"
      ],
      [
        127,
        "0080c20302e00a74656e616e745f373336"
      ],
      [
        127,
        "0080c20302ec0a74656e616e745f373438"
      ],
      [
        127,
        "0080c20302fc0a74656e616e745f373634"
      ],
      [
        127,
        "0012bb01000f04"
      ],
      [
        127,
        "0012bb04130000"
      ],
      [
        0,
        ""
      ]
    ],
    "product": "0x1521",
    "vendor": "0x8086",
    "name": "eno4",
    "has_carrier": true,
    "switch_port_descr": null,
    "switch_chassis_descr": null,
    "ipv4_address": null
  },
  {
    "mac_address": "24:6e:96:2c:8e:c8",
    "lldp": [
      [
        1,
        "047ce2ca4f5c20"
      ],
      [
        2,
        "07353230"
      ],
      [
        3,
        "0078"
      ],
      [
        5,
        "5146582d312d56455043"
      ],
      [
        6,
        "4a756e69706572204e6574776f726b732c20496e632e20716678353131302d3438732d34632045746865726e6574205377697463682c206b65726e656c204a554e4f532031352e315835332d443231302e372c204275696c6420646174653a20323031362d31322d32322032313a35303a30342055544320436f707972696768742028632920313939362d32303136204a756e69706572204e6574776f726b732c20496e632e"
      ],
      [
        7,
        "00140014"
      ],
      [
        8,
        "05010a0a0afc02000000110c0103060102011f0101010111"
      ],
      [
        4,
        "78652d302f302f34"
      ],
      [
        127,
        "00120f010080000000"
      ],
      [
        127,
        "00120f030100000000"
      ],
      [
        127,
        "00120f0405ea"
      ],
      [
        127,
        "00906901575333373137313730303238"
      ],
      [
        127,
        "0080c203000106766c616e2d31"
      ],
      [
        127,
        "0080c203000a07766c616e2d3130"
      ],
      [
        127,
        "0080c203000b07766c616e2d3131"
      ],
      [
        127,
        "0080c203000c07766c616e2d3132"
      ],
      [
        127,
        "0080c203000d07766c616e2d3133"
      ],
      [
        127,
        "0012bb01000f04"
      ],
      [
        0,
        ""
      ]
    ],
    "product": "0x10fb",
    "vendor": "0x8086",
    "name": "eno1",
    "has_carrier": true,
    "switch_port_descr": null,
    "switch_chassis_descr": null,
    "ipv4_address": null
  },
  {
    "mac_address": "24:6e:96:2c:8e:cc",
    "lldp": [
      [
        1,
        "047ce2ca2a9ac0"
      ],
      [
        2,
        "07353838"
      ],
      [
        3,
        "0078"
      ],
      [
        5,
        "4558333330302d56455043"
      ],
      [
        6,
        "4a756e69706572204e6574776f726b732c20496e632e206578333330302d343870202c2076657273696f6e2031322e3352392e34204275696c6420646174653a20323031352d30322d31322031313a32353a33302055544320"
      ],
      [
        7,
        "00140014"
      ],
      [
        4,
        "67652d302f302f33382e30"
      ],
      [
        127,
        "00120f01036c110000"
      ],
      [
        127,
        "00120f02070100"
      ],
      [
        127,
        "00120f030100000000"
      ],
      [
        127,
        "00120f0405ea"
      ],
      [
        127,
        "0080c201000b"
      ],
      [
        127,
        "00906901474230323137313630323335"
      ],
      [
        127,
        "0080c203000b1470726f766973696f6e696e672d6e6574776f726b"
      ],
      [
        127,
        "0012bb01000f04"
      ],
      [
        127,
        "0012bb04130000"
      ],
      [
        0,
        ""
      ]
    ],
    "product": "0x1521",
    "vendor": "0x8086",
    "name": "eno3",
    "has_carrier": true,
    "switch_port_descr": null,
    "switch_chassis_descr": null,
    "ipv4_address": "192.0.2.108"
  },
  {
    "mac_address": "24:6e:96:2c:8e:ca",
    "lldp": [
      [
        1,
        "047ce2ca4f5c20"
      ],
      [
        2,
        "07353339"
      ],
      [
        3,
        "0078"
      ],
      [
        5,
        "5146582d312d56455043"
      ],
      [
        6,
        "4a756e69706572204e6574776f726b732c20496e632e20716678353131302d3438732d34632045746865726e6574205377697463682c206b65726e656c204a554e4f532031352e315835332d443231302e372c204275696c6420646174653a20323031362d31322d32322032313a35303a30342055544320436f707972696768742028632920313939362d32303136204a756e69706572204e6574776f726b732c20496e632e"
      ],
      [
        7,
        "00140014"
      ],
      [
        8,
        "05010a0a0afc02000000110c0103060102011f0101010111"
      ],
      [
        4,
        "78652d312f302f34"
      ],
      [
        127,
        "00120f010080000000"
      ],
      [
        127,
        "00120f030100000000"
      ],
      [
        127,
        "00120f0405ea"
      ],
      [
        127,
        "00906901575333373137313730303638"
      ],
      [
        127,
        "0080c203000106766c616e2d31"
      ],
      [
        127,
        "0080c203000a07766c616e2d3130"
      ],
      [
        127,
        "0080c203000b07766c616e2d3131"
      ],
      [
        127,
        "0080c203000c07766c616e2d3132"
      ],
      [
        127,
        "0080c203000d07766c616e2d3133"
      ],
      [
        127,
        "0012bb01000f04"
      ],
      [
        0,
        ""
      ]
    ],
    "product": "0x10fb",
    "vendor": "0x8086",
    "name": "eno2",
    "has_carrier": true,
    "switch_port_descr": null,
    "switch_chassis_descr": null,
    "ipv4_address": null
  }
]
---------------------------
NODE: Hcomp06
============================
[
  {
    "mac_address": "24:6e:96:2c:8f:25",
    "lldp": [
      [
        1,
        "047ce2ca2a9ac0"
      ],
      [
        2,
        "07353931"
      ],
      [
        3,
        "0078"
      ],
      [
        5,
        "4558333330302d56455043"
      ],
      [
        6,
        "4a756e69706572204e6574776f726b732c20496e632e206578333330302d343870202c2076657273696f6e2031322e3352392e34204275696c6420646174653a20323031352d30322d31322031313a32353a33302055544320"
      ],
      [
        7,
        "00140014"
      ],
      [
        4,
        "67652d302f302f34312e30"
      ],
      [
        127,
        "00120f01036c110000"
      ],
      [
        127,
        "00120f02070100"
      ],
      [
        127,
        "00120f030100000000"
      ],
      [
        127,
        "00120f0405ea"
      ],
      [
        127,
        "00906901474230323137313630323335"
      ],
      [
        127,
        "0080c20302c40a74656e616e745f373038"
      ],
      [
        127,
        "0080c20302d00a74656e616e745f373230"
      ],
      [
        127,
        "0080c20302e00a74656e616e745f373336"
      ],
      [
        127,
        "0080c20302ec0a74656e616e745f373438"
      ],
      [
        127,
        "0080c20302fc0a74656e616e745f373634"
      ],
      [
        127,
        "0012bb01000f04"
      ],
      [
        127,
        "0012bb04130000"
      ],
      [
        0,
        ""
      ]
    ],
    "product": "0x1521",
    "vendor": "0x8086",
    "name": "eno4",
    "has_carrier": true,
    "switch_port_descr": null,
    "switch_chassis_descr": null,
    "ipv4_address": null
  },
  {
    "mac_address": "24:6e:96:2c:8f:20",
    "lldp": [
      [
        1,
        "047ce2ca4f5c20"
      ],
      [
        2,
        "07353232"
      ],
      [
        3,
        "0078"
      ],
      [
        5,
        "5146582d312d56455043"
      ],
      [
        6,
        "4a756e69706572204e6574776f726b732c20496e632e20716678353131302d3438732d34632045746865726e6574205377697463682c206b65726e656c204a554e4f532031352e315835332d443231302e372c204275696c6420646174653a20323031362d31322d32322032313a35303a30342055544320436f707972696768742028632920313939362d32303136204a756e69706572204e6574776f726b732c20496e632e"
      ],
      [
        7,
        "00140014"
      ],
      [
        8,
        "05010a0a0afc02000000110c0103060102011f0101010111"
      ],
      [
        4,
        "78652d302f302f35"
      ],
      [
        127,
        "00120f010080000000"
      ],
      [
        127,
        "00120f030100000000"
      ],
      [
        127,
        "00120f0405ea"
      ],
      [
        127,
        "00906901575333373137313730303238"
      ],
      [
        127,
        "0080c203000106766c616e2d31"
      ],
      [
        127,
        "0080c203000a07766c616e2d3130"
      ],
      [
        127,
        "0080c203000b07766c616e2d3131"
      ],
      [
        127,
        "0080c203000c07766c616e2d3132"
      ],
      [
        127,
        "0080c203000d07766c616e2d3133"
      ],
      [
        127,
        "0012bb01000f04"
      ],
      [
        0,
        ""
      ]
    ],
    "product": "0x10fb",
    "vendor": "0x8086",
    "name": "eno1",
    "has_carrier": true,
    "switch_port_descr": null,
    "switch_chassis_descr": null,
    "ipv4_address": null
  },
  {
    "mac_address": "24:6e:96:2c:8f:24",
    "lldp": [
      [
        1,
        "047ce2ca2a9ac0"
      ],
      [
        2,
        "07353930"
      ],
      [
        3,
        "0078"
      ],
      [
        5,
        "4558333330302d56455043"
      ],
      [
        6,
        "4a756e69706572204e6574776f726b732c20496e632e206578333330302d343870202c2076657273696f6e2031322e3352392e34204275696c6420646174653a20323031352d30322d31322031313a32353a33302055544320"
      ],
      [
        7,
        "00140014"
      ],
      [
        4,
        "67652d302f302f34302e30"
      ],
      [
        127,
        "00120f01036c110000"
      ],
      [
        127,
        "00120f02070100"
      ],
      [
        127,
        "00120f030100000000"
      ],
      [
        127,
        "00120f0405ea"
      ],
      [
        127,
        "0080c201000b"
      ],
      [
        127,
        "00906901474230323137313630323335"
      ],
      [
        127,
        "0080c203000b1470726f766973696f6e696e672d6e6574776f726b"
      ],
      [
        127,
        "0012bb01000f04"
      ],
      [
        127,
        "0012bb04130000"
      ],
      [
        0,
        ""
      ]
    ],
    "product": "0x1521",
    "vendor": "0x8086",
    "name": "eno3",
    "has_carrier": true,
    "switch_port_descr": null,
    "switch_chassis_descr": null,
    "ipv4_address": "192.0.2.103"
  },
  {
    "mac_address": "24:6e:96:2c:8f:22",
    "lldp": [
      [
        1,
        "047ce2ca4f5c20"
      ],
      [
        2,
        "07353430"
      ],
      [
        3,
        "0078"
      ],
      [
        5,
        "5146582d312d56455043"
      ],
      [
        6,
        "4a756e69706572204e6574776f726b732c20496e632e20716678353131302d3438732d34632045746865726e6574205377697463682c206b65726e656c204a554e4f532031352e315835332d443231302e372c204275696c6420646174653a20323031362d31322d32322032313a35303a30342055544320436f707972696768742028632920313939362d32303136204a756e69706572204e6574776f726b732c20496e632e"
      ],
      [
        7,
        "00140014"
      ],
      [
        8,
        "05010a0a0afc02000000110c0103060102011f0101010111"
      ],
      [
        4,
        "78652d312f302f35"
      ],
      [
        127,
        "00120f010080000000"
      ],
      [
        127,
        "00120f030100000000"
      ],
      [
        127,
        "00120f0405ea"
      ],
      [
        127,
        "00906901575333373137313730303638"
      ],
      [
        127,
        "0080c203000106766c616e2d31"
      ],
      [
        127,
        "0080c203000a07766c616e2d3130"
      ],
      [
        127,
        "0080c203000b07766c616e2d3131"
      ],
      [
        127,
        "0080c203000c07766c616e2d3132"
      ],
      [
        127,
        "0080c203000d07766c616e2d3133"
      ],
      [
        127,
        "0012bb01000f04"
      ],
      [
        0,
        ""
      ]
    ],
    "product": "0x10fb",
    "vendor": "0x8086",
    "name": "eno2",
    "has_carrier": true,
    "switch_port_descr": null,
    "switch_chassis_descr": null,
    "ipv4_address": null
  }
]
---------------------------
NODE: Hcomp07
============================
[
  {
    "mac_address": "24:6e:96:2c:8e:7d",
    "lldp": [
      [
        1,
        "047ce2ca2a9ac0"
      ],
      [
        2,
        "07353933"
      ],
      [
        3,
        "0078"
      ],
      [
        5,
        "4558333330302d56455043"
      ],
      [
        6,
        "4a756e69706572204e6574776f726b732c20496e632e206578333330302d343870202c2076657273696f6e2031322e3352392e34204275696c6420646174653a20323031352d30322d31322031313a32353a33302055544320"
      ],
      [
        7,
        "00140014"
      ],
      [
        4,
        "67652d302f302f34332e30"
      ],
      [
        127,
        "00120f01036c110000"
      ],
      [
        127,
        "00120f02070100"
      ],
      [
        127,
        "00120f030100000000"
      ],
      [
        127,
        "00120f0405ea"
      ],
      [
        127,
        "00906901474230323137313630323335"
      ],
      [
        127,
        "0080c20302c40a74656e616e745f373038"
      ],
      [
        127,
        "0080c20302d00a74656e616e745f373230"
      ],
      [
        127,
        "0080c20302e00a74656e616e745f373336"
      ],
      [
        127,
        "0080c20302ec0a74656e616e745f373438"
      ],
      [
        127,
        "0080c20302fc0a74656e616e745f373634"
      ],
      [
        127,
        "0012bb01000f04"
      ],
      [
        127,
        "0012bb04130000"
      ],
      [
        0,
        ""
      ]
    ],
    "product": "0x1521",
    "vendor": "0x8086",
    "name": "eno4",
    "has_carrier": true,
    "switch_port_descr": null,
    "switch_chassis_descr": null,
    "ipv4_address": null
  },
  {
    "mac_address": "24:6e:96:2c:8e:78",
    "lldp": [
      [
        1,
        "047ce2ca4f5c20"
      ],
      [
        2,
        "07353234"
      ],
      [
        3,
        "0078"
      ],
      [
        5,
        "5146582d312d56455043"
      ],
      [
        6,
        "4a756e69706572204e6574776f726b732c20496e632e20716678353131302d3438732d34632045746865726e6574205377697463682c206b65726e656c204a554e4f532031352e315835332d443231302e372c204275696c6420646174653a20323031362d31322d32322032313a35303a30342055544320436f707972696768742028632920313939362d32303136204a756e69706572204e6574776f726b732c20496e632e"
      ],
      [
        7,
        "00140014"
      ],
      [
        8,
        "05010a0a0afc02000000110c0103060102011f0101010111"
      ],
      [
        4,
        "78652d302f302f36"
      ],
      [
        127,
        "00120f010080000000"
      ],
      [
        127,
        "00120f030100000000"
      ],
      [
        127,
        "00120f0405ea"
      ],
      [
        127,
        "00906901575333373137313730303238"
      ],
      [
        127,
        "0080c203000106766c616e2d31"
      ],
      [
        127,
        "0080c203000a07766c616e2d3130"
      ],
      [
        127,
        "0080c203000b07766c616e2d3131"
      ],
      [
        127,
        "0080c203000c07766c616e2d3132"
      ],
      [
        127,
        "0080c203000d07766c616e2d3133"
      ],
      [
        127,
        "0012bb01000f04"
      ],
      [
        0,
        ""
      ]
    ],
    "product": "0x10fb",
    "vendor": "0x8086",
    "name": "eno1",
    "has_carrier": true,
    "switch_port_descr": null,
    "switch_chassis_descr": null,
    "ipv4_address": null
  },
  {
    "mac_address": "24:6e:96:2c:8e:7c",
    "lldp": [
      [
        1,
        "047ce2ca2a9ac0"
      ],
      [
        2,
        "07353932"
      ],
      [
        3,
        "0078"
      ],
      [
        5,
        "4558333330302d56455043"
      ],
      [
        6,
        "4a756e69706572204e6574776f726b732c20496e632e206578333330302d343870202c2076657273696f6e2031322e3352392e34204275696c6420646174653a20323031352d30322d31322031313a32353a33302055544320"
      ],
      [
        7,
        "00140014"
      ],
      [
        4,
        "67652d302f302f34322e30"
      ],
      [
        127,
        "00120f01036c110000"
      ],
      [
        127,
        "00120f02070100"
      ],
      [
        127,
        "00120f030100000000"
      ],
      [
        127,
        "00120f0405ea"
      ],
      [
        127,
        "0080c201000b"
      ],
      [
        127,
        "00906901474230323137313630323335"
      ],
      [
        127,
        "0080c203000b1470726f766973696f6e696e672d6e6574776f726b"
      ],
      [
        127,
        "0012bb01000f04"
      ],
      [
        127,
        "0012bb04130000"
      ],
      [
        0,
        ""
      ]
    ],
    "product": "0x1521",
    "vendor": "0x8086",
    "name": "eno3",
    "has_carrier": true,
    "switch_port_descr": null,
    "switch_chassis_descr": null,
    "ipv4_address": "192.0.2.107"
  },
  {
    "mac_address": "24:6e:96:2c:8e:7a",
    "lldp": [
      [
        1,
        "047ce2ca4f5c20"
      ],
      [
        2,
        "07353431"
      ],
      [
        3,
        "0078"
      ],
      [
        5,
        "5146582d312d56455043"
      ],
      [
        6,
        "4a756e69706572204e6574776f726b732c20496e632e20716678353131302d3438732d34632045746865726e6574205377697463682c206b65726e656c204a554e4f532031352e315835332d443231302e372c204275696c6420646174653a20323031362d31322d32322032313a35303a30342055544320436f707972696768742028632920313939362d32303136204a756e69706572204e6574776f726b732c20496e632e"
      ],
      [
        7,
        "00140014"
      ],
      [
        8,
        "05010a0a0afc02000000110c0103060102011f0101010111"
      ],
      [
        4,
        "78652d312f302f36"
      ],
      [
        127,
        "00120f010080000000"
      ],
      [
        127,
        "00120f030100000000"
      ],
      [
        127,
        "00120f0405ea"
      ],
      [
        127,
        "00906901575333373137313730303638"
      ],
      [
        127,
        "0080c203000106766c616e2d31"
      ],
      [
        127,
        "0080c203000a07766c616e2d3130"
      ],
      [
        127,
        "0080c203000b07766c616e2d3131"
      ],
      [
        127,
        "0080c203000c07766c616e2d3132"
      ],
      [
        127,
        "0080c203000d07766c616e2d3133"
      ],
      [
        127,
        "0012bb01000f04"
      ],
      [
        0,
        ""
      ]
    ],
    "product": "0x10fb",
    "vendor": "0x8086",
    "name": "eno2",
    "has_carrier": true,
    "switch_port_descr": null,
    "switch_chassis_descr": null,
    "ipv4_address": null
  }
]
---------------------------
