NODE: cont00
============================
[
  {
    "size": 289910292480,
    "rotational": true,
    "vendor": "DELL",
    "name": "/dev/sda",
    "wwn_vendor_extension": "0x21de20bb44b7d57e",
    "wwn_with_extension": "0x61866da0663b670021de20bb44b7d57e",
    "model": "PERC H730 Mini",
    "wwn": "0x61866da0663b6700",
    "serial": "61866da0663b670021de20bb44b7d57e"
  },
  {
    "size": 299439751168,
    "rotational": true,
    "vendor": "DELL",
    "name": "/dev/sdb",
    "wwn_vendor_extension": "0x21de20f44824132d",
    "wwn_with_extension": "0x61866da0663b670021de20f44824132d",
    "model": "PERC H730 Mini",
    "wwn": "0x61866da0663b6700",
    "serial": "61866da0663b670021de20f44824132d"
  },
  {
    "size": 299439751168,
    "rotational": true,
    "vendor": "DELL",
    "name": "/dev/sdc",
    "wwn_vendor_extension": "0x21de20f448247ae1",
    "wwn_with_extension": "0x61866da0663b670021de20f448247ae1",
    "model": "PERC H730 Mini",
    "wwn": "0x61866da0663b6700",
    "serial": "61866da0663b670021de20f448247ae1"
  }
]
---------------------------
NODE: cont01
============================
[
  {
    "size": 289910292480,
    "rotational": true,
    "vendor": "DELL",
    "name": "/dev/sda",
    "wwn_vendor_extension": "0x21de28cbbbe0729a",
    "wwn_with_extension": "0x61866da0663f830021de28cbbbe0729a",
    "model": "PERC H730 Mini",
    "wwn": "0x61866da0663f8300",
    "serial": "61866da0663f830021de28cbbbe0729a"
  },
  {
    "size": 299439751168,
    "rotational": true,
    "vendor": "DELL",
    "name": "/dev/sdb",
    "wwn_vendor_extension": "0x21de2885b7be9f89",
    "wwn_with_extension": "0x61866da0663f830021de2885b7be9f89",
    "model": "PERC H730 Mini",
    "wwn": "0x61866da0663f8300",
    "serial": "61866da0663f830021de2885b7be9f89"
  },
  {
    "size": 299439751168,
    "rotational": true,
    "vendor": "DELL",
    "name": "/dev/sdc",
    "wwn_vendor_extension": "0x21de2885b7bebbea",
    "wwn_with_extension": "0x61866da0663f830021de2885b7bebbea",
    "model": "PERC H730 Mini",
    "wwn": "0x61866da0663f8300",
    "serial": "61866da0663f830021de2885b7bebbea"
  }
]
---------------------------
NODE: cont02
============================
[
  {
    "size": 289910292480,
    "rotational": true,
    "vendor": "DELL",
    "name": "/dev/sda",
    "wwn_vendor_extension": "0x21de2736bb7edb2e",
    "wwn_with_extension": "0x61866da0663b170021de2736bb7edb2e",
    "model": "PERC H730 Mini",
    "wwn": "0x61866da0663b1700",
    "serial": "61866da0663b170021de2736bb7edb2e"
  },
  {
    "size": 299439751168,
    "rotational": true,
    "vendor": "DELL",
    "name": "/dev/sdb",
    "wwn_vendor_extension": "0x21de2742bc36a6a0",
    "wwn_with_extension": "0x61866da0663b170021de2742bc36a6a0",
    "model": "PERC H730 Mini",
    "wwn": "0x61866da0663b1700",
    "serial": "61866da0663b170021de2742bc36a6a0"
  },
  {
    "size": 299439751168,
    "rotational": true,
    "vendor": "DELL",
    "name": "/dev/sdc",
    "wwn_vendor_extension": "0x21de2742bc36c45e",
    "wwn_with_extension": "0x61866da0663b170021de2742bc36c45e",
    "model": "PERC H730 Mini",
    "wwn": "0x61866da0663b1700",
    "serial": "61866da0663b170021de2742bc36c45e"
  }
]
---------------------------
NODE: Hcomp00
============================
[
  {
    "size": 800166076416,
    "rotational": false,
    "vendor": "TOSHIBA",
    "name": "/dev/sda",
    "wwn_vendor_extension": null,
    "wwn_with_extension": "0x500003972c891311",
    "model": "PX04SMB080",
    "wwn": "0x500003972c891311",
    "serial": "500003972c891311"
  },
  {
    "size": 800166076416,
    "rotational": false,
    "vendor": "TOSHIBA",
    "name": "/dev/sdb",
    "wwn_vendor_extension": null,
    "wwn_with_extension": "0x500003972c891319",
    "model": "PX04SMB080",
    "wwn": "0x500003972c891319",
    "serial": "500003972c891319"
  },
  {
    "size": 1200243695616,
    "rotational": true,
    "vendor": "HGST",
    "name": "/dev/sdc",
    "wwn_vendor_extension": null,
    "wwn_with_extension": "0x5000cca0800b9ea4",
    "model": "HUC101812CSS204",
    "wwn": "0x5000cca0800b9ea4",
    "serial": "5000cca0800b9ea4"
  },
  {
    "size": 1200243695616,
    "rotational": true,
    "vendor": "HGST",
    "name": "/dev/sdd",
    "wwn_vendor_extension": null,
    "wwn_with_extension": "0x5000cca080191468",
    "model": "HUC101812CSS204",
    "wwn": "0x5000cca080191468",
    "serial": "5000cca080191468"
  },
  {
    "size": 1200243695616,
    "rotational": true,
    "vendor": "HGST",
    "name": "/dev/sde",
    "wwn_vendor_extension": null,
    "wwn_with_extension": "0x5000cca0801a1e4c",
    "model": "HUC101812CSS204",
    "wwn": "0x5000cca0801a1e4c",
    "serial": "5000cca0801a1e4c"
  },
  {
    "size": 1200243695616,
    "rotational": true,
    "vendor": "HGST",
    "name": "/dev/sdf",
    "wwn_vendor_extension": null,
    "wwn_with_extension": "0x5000cca0800ef3f0",
    "model": "HUC101812CSS204",
    "wwn": "0x5000cca0800ef3f0",
    "serial": "5000cca0800ef3f0"
  },
  {
    "size": 1200243695616,
    "rotational": true,
    "vendor": "HGST",
    "name": "/dev/sdg",
    "wwn_vendor_extension": null,
    "wwn_with_extension": "0x5000cca08019ddac",
    "model": "HUC101812CSS204",
    "wwn": "0x5000cca08019ddac",
    "serial": "5000cca08019ddac"
  },
  {
    "size": 1200243695616,
    "rotational": true,
    "vendor": "HGST",
    "name": "/dev/sdh",
    "wwn_vendor_extension": null,
    "wwn_with_extension": "0x5000cca08019b1ec",
    "model": "HUC101812CSS204",
    "wwn": "0x5000cca08019b1ec",
    "serial": "5000cca08019b1ec"
  },
  {
    "size": 1200243695616,
    "rotational": true,
    "vendor": "HGST",
    "name": "/dev/sdi",
    "wwn_vendor_extension": null,
    "wwn_with_extension": "0x5000cca08019a6a0",
    "model": "HUC101812CSS204",
    "wwn": "0x5000cca08019a6a0",
    "serial": "5000cca08019a6a0"
  },
  {
    "size": 1200243695616,
    "rotational": true,
    "vendor": "HGST",
    "name": "/dev/sdj",
    "wwn_vendor_extension": null,
    "wwn_with_extension": "0x5000cca08019bedc",
    "model": "HUC101812CSS204",
    "wwn": "0x5000cca08019bedc",
    "serial": "5000cca08019bedc"
  },
  {
    "size": 1200243695616,
    "rotational": true,
    "vendor": "HGST",
    "name": "/dev/sdk",
    "wwn_vendor_extension": null,
    "wwn_with_extension": "0x5000cca08019a66c",
    "model": "HUC101812CSS204",
    "wwn": "0x5000cca08019a66c",
    "serial": "5000cca08019a66c"
  },
  {
    "size": 1200243695616,
    "rotational": true,
    "vendor": "HGST",
    "name": "/dev/sdl",
    "wwn_vendor_extension": null,
    "wwn_with_extension": "0x5000cca08019a354",
    "model": "HUC101812CSS204",
    "wwn": "0x5000cca08019a354",
    "serial": "5000cca08019a354"
  },
  {
    "size": 1200243695616,
    "rotational": true,
    "vendor": "HGST",
    "name": "/dev/sdm",
    "wwn_vendor_extension": null,
    "wwn_with_extension": "0x5000cca0800b9dec",
    "model": "HUC101812CSS204",
    "wwn": "0x5000cca0800b9dec",
    "serial": "5000cca0800b9dec"
  },
  {
    "size": 1200243695616,
    "rotational": true,
    "vendor": "HGST",
    "name": "/dev/sdn",
    "wwn_vendor_extension": null,
    "wwn_with_extension": "0x5000cca08019a2cc",
    "model": "HUC101812CSS204",
    "wwn": "0x5000cca08019a2cc",
    "serial": "5000cca08019a2cc"
  },
  {
    "size": 1200243695616,
    "rotational": true,
    "vendor": "HGST",
    "name": "/dev/sdo",
    "wwn_vendor_extension": null,
    "wwn_with_extension": "0x5000cca0801a1c20",
    "model": "HUC101812CSS204",
    "wwn": "0x5000cca0801a1c20",
    "serial": "5000cca0801a1c20"
  },
  {
    "size": 1200243695616,
    "rotational": true,
    "vendor": "HGST",
    "name": "/dev/sdp",
    "wwn_vendor_extension": null,
    "wwn_with_extension": "0x5000cca0800ef428",
    "model": "HUC101812CSS204",
    "wwn": "0x5000cca0800ef428",
    "serial": "5000cca0800ef428"
  },
  {
    "size": 1200243695616,
    "rotational": true,
    "vendor": "HGST",
    "name": "/dev/sdq",
    "wwn_vendor_extension": null,
    "wwn_with_extension": "0x5000cca0801990a0",
    "model": "HUC101812CSS204",
    "wwn": "0x5000cca0801990a0",
    "serial": "5000cca0801990a0"
  },
  {
    "size": 1200243695616,
    "rotational": true,
    "vendor": "HGST",
    "name": "/dev/sdr",
    "wwn_vendor_extension": null,
    "wwn_with_extension": "0x5000cca08019a2f4",
    "model": "HUC101812CSS204",
    "wwn": "0x5000cca08019a2f4",
    "serial": "5000cca08019a2f4"
  },
  {
    "size": 1200243695616,
    "rotational": true,
    "vendor": "HGST",
    "name": "/dev/sds",
    "wwn_vendor_extension": null,
    "wwn_with_extension": "0x5000cca0800b9e98",
    "model": "HUC101812CSS204",
    "wwn": "0x5000cca0800b9e98",
    "serial": "5000cca0800b9e98"
  },
  {
    "size": 1200243695616,
    "rotational": true,
    "vendor": "HGST",
    "name": "/dev/sdt",
    "wwn_vendor_extension": null,
    "wwn_with_extension": "0x5000cca08019c010",
    "model": "HUC101812CSS204",
    "wwn": "0x5000cca08019c010",
    "serial": "5000cca08019c010"
  },
  {
    "size": 1200243695616,
    "rotational": true,
    "vendor": "HGST",
    "name": "/dev/sdu",
    "wwn_vendor_extension": null,
    "wwn_with_extension": "0x5000cca0801a1c54",
    "model": "HUC101812CSS204",
    "wwn": "0x5000cca0801a1c54",
    "serial": "5000cca0801a1c54"
  },
  {
    "size": 1200243695616,
    "rotational": true,
    "vendor": "HGST",
    "name": "/dev/sdv",
    "wwn_vendor_extension": null,
    "wwn_with_extension": "0x5000cca08019900c",
    "model": "HUC101812CSS204",
    "wwn": "0x5000cca08019900c",
    "serial": "5000cca08019900c"
  },
  {
    "size": 966367641600,
    "rotational": true,
    "vendor": "DELL",
    "name": "/dev/sdw",
    "wwn_vendor_extension": "0x21e0e60c513049ee",
    "wwn_with_extension": "0x61866da075b8c20021e0e60c513049ee",
    "model": "PERC H730 Mini",
    "wwn": "0x61866da075b8c200",
    "serial": "61866da075b8c20021e0e60c513049ee"
  }
]
---------------------------
NODE: Hcomp01
============================
[
  {
    "size": 800166076416,
    "rotational": false,
    "vendor": "TOSHIBA",
    "name": "/dev/sda",
    "wwn_vendor_extension": null,
    "wwn_with_extension": "0x500003972c891301",
    "model": "PX04SMB080",
    "wwn": "0x500003972c891301",
    "serial": "500003972c891301"
  },
  {
    "size": 800166076416,
    "rotational": false,
    "vendor": "TOSHIBA",
    "name": "/dev/sdb",
    "wwn_vendor_extension": null,
    "wwn_with_extension": "0x500003972c891329",
    "model": "PX04SMB080",
    "wwn": "0x500003972c891329",
    "serial": "500003972c891329"
  },
  {
    "size": 1200243695616,
    "rotational": true,
    "vendor": "HGST",
    "name": "/dev/sdc",
    "wwn_vendor_extension": null,
    "wwn_with_extension": "0x5000cca0801a1df4",
    "model": "HUC101812CSS204",
    "wwn": "0x5000cca0801a1df4",
    "serial": "5000cca0801a1df4"
  },
  {
    "size": 1200243695616,
    "rotational": true,
    "vendor": "HGST",
    "name": "/dev/sdd",
    "wwn_vendor_extension": null,
    "wwn_with_extension": "0x5000cca08019d474",
    "model": "HUC101812CSS204",
    "wwn": "0x5000cca08019d474",
    "serial": "5000cca08019d474"
  },
  {
    "size": 1200243695616,
    "rotational": true,
    "vendor": "HGST",
    "name": "/dev/sde",
    "wwn_vendor_extension": null,
    "wwn_with_extension": "0x5000cca08019cb38",
    "model": "HUC101812CSS204",
    "wwn": "0x5000cca08019cb38",
    "serial": "5000cca08019cb38"
  },
  {
    "size": 1200243695616,
    "rotational": true,
    "vendor": "HGST",
    "name": "/dev/sdf",
    "wwn_vendor_extension": null,
    "wwn_with_extension": "0x5000cca08019cb04",
    "model": "HUC101812CSS204",
    "wwn": "0x5000cca08019cb04",
    "serial": "5000cca08019cb04"
  },
  {
    "size": 1200243695616,
    "rotational": true,
    "vendor": "HGST",
    "name": "/dev/sdg",
    "wwn_vendor_extension": null,
    "wwn_with_extension": "0x5000cca08019d2b4",
    "model": "HUC101812CSS204",
    "wwn": "0x5000cca08019d2b4",
    "serial": "5000cca08019d2b4"
  },
  {
    "size": 1200243695616,
    "rotational": true,
    "vendor": "HGST",
    "name": "/dev/sdh",
    "wwn_vendor_extension": null,
    "wwn_with_extension": "0x5000cca08019a52c",
    "model": "HUC101812CSS204",
    "wwn": "0x5000cca08019a52c",
    "serial": "5000cca08019a52c"
  },
  {
    "size": 1200243695616,
    "rotational": true,
    "vendor": "HGST",
    "name": "/dev/sdi",
    "wwn_vendor_extension": null,
    "wwn_with_extension": "0x5000cca0801a1364",
    "model": "HUC101812CSS204",
    "wwn": "0x5000cca0801a1364",
    "serial": "5000cca0801a1364"
  },
  {
    "size": 1200243695616,
    "rotational": true,
    "vendor": "HGST",
    "name": "/dev/sdj",
    "wwn_vendor_extension": null,
    "wwn_with_extension": "0x5000cca0801a10e0",
    "model": "HUC101812CSS204",
    "wwn": "0x5000cca0801a10e0",
    "serial": "5000cca0801a10e0"
  },
  {
    "size": 1200243695616,
    "rotational": true,
    "vendor": "HGST",
    "name": "/dev/sdk",
    "wwn_vendor_extension": null,
    "wwn_with_extension": "0x5000cca0801914d8",
    "model": "HUC101812CSS204",
    "wwn": "0x5000cca0801914d8",
    "serial": "5000cca0801914d8"
  },
  {
    "size": 1200243695616,
    "rotational": true,
    "vendor": "HGST",
    "name": "/dev/sdl",
    "wwn_vendor_extension": null,
    "wwn_with_extension": "0x5000cca0801a1208",
    "model": "HUC101812CSS204",
    "wwn": "0x5000cca0801a1208",
    "serial": "5000cca0801a1208"
  },
  {
    "size": 1200243695616,
    "rotational": true,
    "vendor": "HGST",
    "name": "/dev/sdm",
    "wwn_vendor_extension": null,
    "wwn_with_extension": "0x5000cca08019a2bc",
    "model": "HUC101812CSS204",
    "wwn": "0x5000cca08019a2bc",
    "serial": "5000cca08019a2bc"
  },
  {
    "size": 1200243695616,
    "rotational": true,
    "vendor": "HGST",
    "name": "/dev/sdn",
    "wwn_vendor_extension": null,
    "wwn_with_extension": "0x5000cca0801a1df8",
    "model": "HUC101812CSS204",
    "wwn": "0x5000cca0801a1df8",
    "serial": "5000cca0801a1df8"
  },
  {
    "size": 1200243695616,
    "rotational": true,
    "vendor": "HGST",
    "name": "/dev/sdo",
    "wwn_vendor_extension": null,
    "wwn_with_extension": "0x5000cca0801a1070",
    "model": "HUC101812CSS204",
    "wwn": "0x5000cca0801a1070",
    "serial": "5000cca0801a1070"
  },
  {
    "size": 1200243695616,
    "rotational": true,
    "vendor": "HGST",
    "name": "/dev/sdp",
    "wwn_vendor_extension": null,
    "wwn_with_extension": "0x5000cca080198aac",
    "model": "HUC101812CSS204",
    "wwn": "0x5000cca080198aac",
    "serial": "5000cca080198aac"
  },
  {
    "size": 1200243695616,
    "rotational": true,
    "vendor": "HGST",
    "name": "/dev/sdq",
    "wwn_vendor_extension": null,
    "wwn_with_extension": "0x5000cca08018de4c",
    "model": "HUC101812CSS204",
    "wwn": "0x5000cca08018de4c",
    "serial": "5000cca08018de4c"
  },
  {
    "size": 1200243695616,
    "rotational": true,
    "vendor": "HGST",
    "name": "/dev/sdr",
    "wwn_vendor_extension": null,
    "wwn_with_extension": "0x5000cca0801a0fd4",
    "model": "HUC101812CSS204",
    "wwn": "0x5000cca0801a0fd4",
    "serial": "5000cca0801a0fd4"
  },
  {
    "size": 1200243695616,
    "rotational": true,
    "vendor": "HGST",
    "name": "/dev/sds",
    "wwn_vendor_extension": null,
    "wwn_with_extension": "0x5000cca080198fd4",
    "model": "HUC101812CSS204",
    "wwn": "0x5000cca080198fd4",
    "serial": "5000cca080198fd4"
  },
  {
    "size": 1200243695616,
    "rotational": true,
    "vendor": "HGST",
    "name": "/dev/sdt",
    "wwn_vendor_extension": null,
    "wwn_with_extension": "0x5000cca0801a1054",
    "model": "HUC101812CSS204",
    "wwn": "0x5000cca0801a1054",
    "serial": "5000cca0801a1054"
  },
  {
    "size": 1200243695616,
    "rotational": true,
    "vendor": "HGST",
    "name": "/dev/sdu",
    "wwn_vendor_extension": null,
    "wwn_with_extension": "0x5000cca08019d0b8",
    "model": "HUC101812CSS204",
    "wwn": "0x5000cca08019d0b8",
    "serial": "5000cca08019d0b8"
  },
  {
    "size": 1200243695616,
    "rotational": true,
    "vendor": "HGST",
    "name": "/dev/sdv",
    "wwn_vendor_extension": null,
    "wwn_with_extension": "0x5000cca08019f038",
    "model": "HUC101812CSS204",
    "wwn": "0x5000cca08019f038",
    "serial": "5000cca08019f038"
  },
  {
    "size": 966367641600,
    "rotational": true,
    "vendor": "DELL",
    "name": "/dev/sdw",
    "wwn_vendor_extension": "0x21e0e7cf448b233a",
    "wwn_with_extension": "0x61866da075b8cc0021e0e7cf448b233a",
    "model": "PERC H730 Mini",
    "wwn": "0x61866da075b8cc00",
    "serial": "61866da075b8cc0021e0e7cf448b233a"
  }
]
---------------------------
NODE: Hcomp02
============================
[
  {
    "size": 800166076416,
    "rotational": false,
    "vendor": "TOSHIBA",
    "name": "/dev/sda",
    "wwn_vendor_extension": null,
    "wwn_with_extension": "0x500003972c8912ed",
    "model": "PX04SMB080",
    "wwn": "0x500003972c8912ed",
    "serial": "500003972c8912ed"
  },
  {
    "size": 800166076416,
    "rotational": false,
    "vendor": "TOSHIBA",
    "name": "/dev/sdb",
    "wwn_vendor_extension": null,
    "wwn_with_extension": "0x500003972c891545",
    "model": "PX04SMB080",
    "wwn": "0x500003972c891545",
    "serial": "500003972c891545"
  },
  {
    "size": 1200243695616,
    "rotational": true,
    "vendor": "HGST",
    "name": "/dev/sdc",
    "wwn_vendor_extension": null,
    "wwn_with_extension": "0x5000cca08019ddb0",
    "model": "HUC101812CSS204",
    "wwn": "0x5000cca08019ddb0",
    "serial": "5000cca08019ddb0"
  },
  {
    "size": 1200243695616,
    "rotational": true,
    "vendor": "HGST",
    "name": "/dev/sdd",
    "wwn_vendor_extension": null,
    "wwn_with_extension": "0x5000cca080196054",
    "model": "HUC101812CSS204",
    "wwn": "0x5000cca080196054",
    "serial": "5000cca080196054"
  },
  {
    "size": 1200243695616,
    "rotational": true,
    "vendor": "HGST",
    "name": "/dev/sde",
    "wwn_vendor_extension": null,
    "wwn_with_extension": "0x5000cca08019ccb4",
    "model": "HUC101812CSS204",
    "wwn": "0x5000cca08019ccb4",
    "serial": "5000cca08019ccb4"
  },
  {
    "size": 1200243695616,
    "rotational": true,
    "vendor": "HGST",
    "name": "/dev/sdf",
    "wwn_vendor_extension": null,
    "wwn_with_extension": "0x5000cca08019d3d8",
    "model": "HUC101812CSS204",
    "wwn": "0x5000cca08019d3d8",
    "serial": "5000cca08019d3d8"
  },
  {
    "size": 1200243695616,
    "rotational": true,
    "vendor": "HGST",
    "name": "/dev/sdg",
    "wwn_vendor_extension": null,
    "wwn_with_extension": "0x5000cca08019d540",
    "model": "HUC101812CSS204",
    "wwn": "0x5000cca08019d540",
    "serial": "5000cca08019d540"
  },
  {
    "size": 1200243695616,
    "rotational": true,
    "vendor": "HGST",
    "name": "/dev/sdh",
    "wwn_vendor_extension": null,
    "wwn_with_extension": "0x5000cca0801a15bc",
    "model": "HUC101812CSS204",
    "wwn": "0x5000cca0801a15bc",
    "serial": "5000cca0801a15bc"
  },
  {
    "size": 1200243695616,
    "rotational": true,
    "vendor": "HGST",
    "name": "/dev/sdi",
    "wwn_vendor_extension": null,
    "wwn_with_extension": "0x5000cca08019d6c4",
    "model": "HUC101812CSS204",
    "wwn": "0x5000cca08019d6c4",
    "serial": "5000cca08019d6c4"
  },
  {
    "size": 1200243695616,
    "rotational": true,
    "vendor": "HGST",
    "name": "/dev/sdj",
    "wwn_vendor_extension": null,
    "wwn_with_extension": "0x5000cca0801a2028",
    "model": "HUC101812CSS204",
    "wwn": "0x5000cca0801a2028",
    "serial": "5000cca0801a2028"
  },
  {
    "size": 1200243695616,
    "rotational": true,
    "vendor": "HGST",
    "name": "/dev/sdk",
    "wwn_vendor_extension": null,
    "wwn_with_extension": "0x5000cca08019c1c4",
    "model": "HUC101812CSS204",
    "wwn": "0x5000cca08019c1c4",
    "serial": "5000cca08019c1c4"
  },
  {
    "size": 1200243695616,
    "rotational": true,
    "vendor": "HGST",
    "name": "/dev/sdl",
    "wwn_vendor_extension": null,
    "wwn_with_extension": "0x5000cca08019c1b4",
    "model": "HUC101812CSS204",
    "wwn": "0x5000cca08019c1b4",
    "serial": "5000cca08019c1b4"
  },
  {
    "size": 1200243695616,
    "rotational": true,
    "vendor": "HGST",
    "name": "/dev/sdm",
    "wwn_vendor_extension": null,
    "wwn_with_extension": "0x5000cca08019e518",
    "model": "HUC101812CSS204",
    "wwn": "0x5000cca08019e518",
    "serial": "5000cca08019e518"
  },
  {
    "size": 1200243695616,
    "rotational": true,
    "vendor": "HGST",
    "name": "/dev/sdn",
    "wwn_vendor_extension": null,
    "wwn_with_extension": "0x5000cca08019dec8",
    "model": "HUC101812CSS204",
    "wwn": "0x5000cca08019dec8",
    "serial": "5000cca08019dec8"
  },
  {
    "size": 1200243695616,
    "rotational": true,
    "vendor": "HGST",
    "name": "/dev/sdo",
    "wwn_vendor_extension": null,
    "wwn_with_extension": "0x5000cca08019dd48",
    "model": "HUC101812CSS204",
    "wwn": "0x5000cca08019dd48",
    "serial": "5000cca08019dd48"
  },
  {
    "size": 1200243695616,
    "rotational": true,
    "vendor": "HGST",
    "name": "/dev/sdp",
    "wwn_vendor_extension": null,
    "wwn_with_extension": "0x5000cca0801a1d08",
    "model": "HUC101812CSS204",
    "wwn": "0x5000cca0801a1d08",
    "serial": "5000cca0801a1d08"
  },
  {
    "size": 1200243695616,
    "rotational": true,
    "vendor": "HGST",
    "name": "/dev/sdq",
    "wwn_vendor_extension": null,
    "wwn_with_extension": "0x5000cca08019d1b8",
    "model": "HUC101812CSS204",
    "wwn": "0x5000cca08019d1b8",
    "serial": "5000cca08019d1b8"
  },
  {
    "size": 1200243695616,
    "rotational": true,
    "vendor": "HGST",
    "name": "/dev/sdr",
    "wwn_vendor_extension": null,
    "wwn_with_extension": "0x5000cca08019d2e4",
    "model": "HUC101812CSS204",
    "wwn": "0x5000cca08019d2e4",
    "serial": "5000cca08019d2e4"
  },
  {
    "size": 1200243695616,
    "rotational": true,
    "vendor": "HGST",
    "name": "/dev/sds",
    "wwn_vendor_extension": null,
    "wwn_with_extension": "0x5000cca08019c1d0",
    "model": "HUC101812CSS204",
    "wwn": "0x5000cca08019c1d0",
    "serial": "5000cca08019c1d0"
  },
  {
    "size": 1200243695616,
    "rotational": true,
    "vendor": "HGST",
    "name": "/dev/sdt",
    "wwn_vendor_extension": null,
    "wwn_with_extension": "0x5000cca08019c5d8",
    "model": "HUC101812CSS204",
    "wwn": "0x5000cca08019c5d8",
    "serial": "5000cca08019c5d8"
  },
  {
    "size": 1200243695616,
    "rotational": true,
    "vendor": "HGST",
    "name": "/dev/sdu",
    "wwn_vendor_extension": null,
    "wwn_with_extension": "0x5000cca08019d59c",
    "model": "HUC101812CSS204",
    "wwn": "0x5000cca08019d59c",
    "serial": "5000cca08019d59c"
  },
  {
    "size": 1200243695616,
    "rotational": true,
    "vendor": "HGST",
    "name": "/dev/sdv",
    "wwn_vendor_extension": null,
    "wwn_with_extension": "0x5000cca08019cb80",
    "model": "HUC101812CSS204",
    "wwn": "0x5000cca08019cb80",
    "serial": "5000cca08019cb80"
  },
  {
    "size": 966367641600,
    "rotational": true,
    "vendor": "DELL",
    "name": "/dev/sdw",
    "wwn_vendor_extension": "0x21e0e72f5ce43b0c",
    "wwn_with_extension": "0x61866da075b8ca0021e0e72f5ce43b0c",
    "model": "PERC H730 Mini",
    "wwn": "0x61866da075b8ca00",
    "serial": "61866da075b8ca0021e0e72f5ce43b0c"
  }
]
---------------------------
NODE: comp03
============================
[
  {
    "size": 800166076416,
    "rotational": false,
    "vendor": "TOSHIBA",
    "name": "/dev/sda",
    "wwn_vendor_extension": null,
    "wwn_with_extension": "0x500003972c89132d",
    "model": "PX04SMB080",
    "wwn": "0x500003972c89132d",
    "serial": "500003972c89132d"
  },
  {
    "size": 800166076416,
    "rotational": false,
    "vendor": "TOSHIBA",
    "name": "/dev/sdb",
    "wwn_vendor_extension": null,
    "wwn_with_extension": "0x500003972c8912f5",
    "model": "PX04SMB080",
    "wwn": "0x500003972c8912f5",
    "serial": "500003972c8912f5"
  },
  {
    "size": 1200243695616,
    "rotational": true,
    "vendor": "HGST",
    "name": "/dev/sdc",
    "wwn_vendor_extension": null,
    "wwn_with_extension": "0x5000cca08019dd20",
    "model": "HUC101812CSS204",
    "wwn": "0x5000cca08019dd20",
    "serial": "5000cca08019dd20"
  },
  {
    "size": 1200243695616,
    "rotational": true,
    "vendor": "HGST",
    "name": "/dev/sdd",
    "wwn_vendor_extension": null,
    "wwn_with_extension": "0x5000cca0801914e4",
    "model": "HUC101812CSS204",
    "wwn": "0x5000cca0801914e4",
    "serial": "5000cca0801914e4"
  },
  {
    "size": 1200243695616,
    "rotational": true,
    "vendor": "HGST",
    "name": "/dev/sde",
    "wwn_vendor_extension": null,
    "wwn_with_extension": "0x5000cca0801a15b8",
    "model": "HUC101812CSS204",
    "wwn": "0x5000cca0801a15b8",
    "serial": "5000cca0801a15b8"
  },
  {
    "size": 1200243695616,
    "rotational": true,
    "vendor": "HGST",
    "name": "/dev/sdf",
    "wwn_vendor_extension": null,
    "wwn_with_extension": "0x5000cca08019bffc",
    "model": "HUC101812CSS204",
    "wwn": "0x5000cca08019bffc",
    "serial": "5000cca08019bffc"
  },
  {
    "size": 1200243695616,
    "rotational": true,
    "vendor": "HGST",
    "name": "/dev/sdg",
    "wwn_vendor_extension": null,
    "wwn_with_extension": "0x5000cca0800ba258",
    "model": "HUC101812CSS204",
    "wwn": "0x5000cca0800ba258",
    "serial": "5000cca0800ba258"
  },
  {
    "size": 1200243695616,
    "rotational": true,
    "vendor": "HGST",
    "name": "/dev/sdh",
    "wwn_vendor_extension": null,
    "wwn_with_extension": "0x5000cca080194360",
    "model": "HUC101812CSS204",
    "wwn": "0x5000cca080194360",
    "serial": "5000cca080194360"
  },
  {
    "size": 1200243695616,
    "rotational": true,
    "vendor": "HGST",
    "name": "/dev/sdi",
    "wwn_vendor_extension": null,
    "wwn_with_extension": "0x5000cca08019ce68",
    "model": "HUC101812CSS204",
    "wwn": "0x5000cca08019ce68",
    "serial": "5000cca08019ce68"
  },
  {
    "size": 1200243695616,
    "rotational": true,
    "vendor": "HGST",
    "name": "/dev/sdj",
    "wwn_vendor_extension": null,
    "wwn_with_extension": "0x5000cca08019dcd4",
    "model": "HUC101812CSS204",
    "wwn": "0x5000cca08019dcd4",
    "serial": "5000cca08019dcd4"
  },
  {
    "size": 1200243695616,
    "rotational": true,
    "vendor": "HGST",
    "name": "/dev/sdk",
    "wwn_vendor_extension": null,
    "wwn_with_extension": "0x5000cca0800d142c",
    "model": "HUC101812CSS204",
    "wwn": "0x5000cca0800d142c",
    "serial": "5000cca0800d142c"
  },
  {
    "size": 1200243695616,
    "rotational": true,
    "vendor": "HGST",
    "name": "/dev/sdl",
    "wwn_vendor_extension": null,
    "wwn_with_extension": "0x5000cca08019d37c",
    "model": "HUC101812CSS204",
    "wwn": "0x5000cca08019d37c",
    "serial": "5000cca08019d37c"
  },
  {
    "size": 1200243695616,
    "rotational": true,
    "vendor": "HGST",
    "name": "/dev/sdm",
    "wwn_vendor_extension": null,
    "wwn_with_extension": "0x5000cca0800ba170",
    "model": "HUC101812CSS204",
    "wwn": "0x5000cca0800ba170",
    "serial": "5000cca0800ba170"
  },
  {
    "size": 1200243695616,
    "rotational": true,
    "vendor": "HGST",
    "name": "/dev/sdn",
    "wwn_vendor_extension": null,
    "wwn_with_extension": "0x5000cca08019deb8",
    "model": "HUC101812CSS204",
    "wwn": "0x5000cca08019deb8",
    "serial": "5000cca08019deb8"
  },
  {
    "size": 1200243695616,
    "rotational": true,
    "vendor": "HGST",
    "name": "/dev/sdo",
    "wwn_vendor_extension": null,
    "wwn_with_extension": "0x5000cca0800ef308",
    "model": "HUC101812CSS204",
    "wwn": "0x5000cca0800ef308",
    "serial": "5000cca0800ef308"
  },
  {
    "size": 1200243695616,
    "rotational": true,
    "vendor": "HGST",
    "name": "/dev/sdp",
    "wwn_vendor_extension": null,
    "wwn_with_extension": "0x5000cca08019ce58",
    "model": "HUC101812CSS204",
    "wwn": "0x5000cca08019ce58",
    "serial": "5000cca08019ce58"
  },
  {
    "size": 1200243695616,
    "rotational": true,
    "vendor": "HGST",
    "name": "/dev/sdq",
    "wwn_vendor_extension": null,
    "wwn_with_extension": "0x5000cca08019cb74",
    "model": "HUC101812CSS204",
    "wwn": "0x5000cca08019cb74",
    "serial": "5000cca08019cb74"
  },
  {
    "size": 1200243695616,
    "rotational": true,
    "vendor": "HGST",
    "name": "/dev/sdr",
    "wwn_vendor_extension": null,
    "wwn_with_extension": "0x5000cca080193f68",
    "model": "HUC101812CSS204",
    "wwn": "0x5000cca080193f68",
    "serial": "5000cca080193f68"
  },
  {
    "size": 1200243695616,
    "rotational": true,
    "vendor": "HGST",
    "name": "/dev/sds",
    "wwn_vendor_extension": null,
    "wwn_with_extension": "0x5000cca08019cfd4",
    "model": "HUC101812CSS204",
    "wwn": "0x5000cca08019cfd4",
    "serial": "5000cca08019cfd4"
  },
  {
    "size": 1200243695616,
    "rotational": true,
    "vendor": "HGST",
    "name": "/dev/sdt",
    "wwn_vendor_extension": null,
    "wwn_with_extension": "0x5000cca08019cafc",
    "model": "HUC101812CSS204",
    "wwn": "0x5000cca08019cafc",
    "serial": "5000cca08019cafc"
  },
  {
    "size": 1200243695616,
    "rotational": true,
    "vendor": "HGST",
    "name": "/dev/sdu",
    "wwn_vendor_extension": null,
    "wwn_with_extension": "0x5000cca0801a1e40",
    "model": "HUC101812CSS204",
    "wwn": "0x5000cca0801a1e40",
    "serial": "5000cca0801a1e40"
  },
  {
    "size": 1200243695616,
    "rotational": true,
    "vendor": "HGST",
    "name": "/dev/sdv",
    "wwn_vendor_extension": null,
    "wwn_with_extension": "0x5000cca08019cadc",
    "model": "HUC101812CSS204",
    "wwn": "0x5000cca08019cadc",
    "serial": "5000cca08019cadc"
  },
  {
    "size": 966367641600,
    "rotational": true,
    "vendor": "DELL",
    "name": "/dev/sdw",
    "wwn_vendor_extension": "0x2165766839cd385b",
    "wwn_with_extension": "0x61866da075b8d1002165766839cd385b",
    "model": "PERC H730 Mini",
    "wwn": "0x61866da075b8d100",
    "serial": "61866da075b8d1002165766839cd385b"
  }
]
---------------------------
NODE: comp04
============================
[
  {
    "size": 800166076416,
    "rotational": false,
    "vendor": "TOSHIBA",
    "name": "/dev/sda",
    "wwn_vendor_extension": null,
    "wwn_with_extension": "0x500003972c89131d",
    "model": "PX04SMB080",
    "wwn": "0x500003972c89131d",
    "serial": "500003972c89131d"
  },
  {
    "size": 800166076416,
    "rotational": false,
    "vendor": "TOSHIBA",
    "name": "/dev/sdb",
    "wwn_vendor_extension": null,
    "wwn_with_extension": "0x500003972c891345",
    "model": "PX04SMB080",
    "wwn": "0x500003972c891345",
    "serial": "500003972c891345"
  },
  {
    "size": 1200243695616,
    "rotational": true,
    "vendor": "HGST",
    "name": "/dev/sdc",
    "wwn_vendor_extension": null,
    "wwn_with_extension": "0x5000cca08019bc80",
    "model": "HUC101812CSS204",
    "wwn": "0x5000cca08019bc80",
    "serial": "5000cca08019bc80"
  },
  {
    "size": 1200243695616,
    "rotational": true,
    "vendor": "HGST",
    "name": "/dev/sdd",
    "wwn_vendor_extension": null,
    "wwn_with_extension": "0x5000cca08019d84c",
    "model": "HUC101812CSS204",
    "wwn": "0x5000cca08019d84c",
    "serial": "5000cca08019d84c"
  },
  {
    "size": 1200243695616,
    "rotational": true,
    "vendor": "HGST",
    "name": "/dev/sde",
    "wwn_vendor_extension": null,
    "wwn_with_extension": "0x5000cca08019ce38",
    "model": "HUC101812CSS204",
    "wwn": "0x5000cca08019ce38",
    "serial": "5000cca08019ce38"
  },
  {
    "size": 1200243695616,
    "rotational": true,
    "vendor": "HGST",
    "name": "/dev/sdf",
    "wwn_vendor_extension": null,
    "wwn_with_extension": "0x5000cca0801940fc",
    "model": "HUC101812CSS204",
    "wwn": "0x5000cca0801940fc",
    "serial": "5000cca0801940fc"
  },
  {
    "size": 1200243695616,
    "rotational": true,
    "vendor": "HGST",
    "name": "/dev/sdg",
    "wwn_vendor_extension": null,
    "wwn_with_extension": "0x5000cca0800ba168",
    "model": "HUC101812CSS204",
    "wwn": "0x5000cca0800ba168",
    "serial": "5000cca0800ba168"
  },
  {
    "size": 1200243695616,
    "rotational": true,
    "vendor": "HGST",
    "name": "/dev/sdh",
    "wwn_vendor_extension": null,
    "wwn_with_extension": "0x5000cca08019cddc",
    "model": "HUC101812CSS204",
    "wwn": "0x5000cca08019cddc",
    "serial": "5000cca08019cddc"
  },
  {
    "size": 1200243695616,
    "rotational": true,
    "vendor": "HGST",
    "name": "/dev/sdi",
    "wwn_vendor_extension": null,
    "wwn_with_extension": "0x5000cca08019ab04",
    "model": "HUC101812CSS204",
    "wwn": "0x5000cca08019ab04",
    "serial": "5000cca08019ab04"
  },
  {
    "size": 1200243695616,
    "rotational": true,
    "vendor": "HGST",
    "name": "/dev/sdj",
    "wwn_vendor_extension": null,
    "wwn_with_extension": "0x5000cca08019c988",
    "model": "HUC101812CSS204",
    "wwn": "0x5000cca08019c988",
    "serial": "5000cca08019c988"
  },
  {
    "size": 1200243695616,
    "rotational": true,
    "vendor": "HGST",
    "name": "/dev/sdk",
    "wwn_vendor_extension": null,
    "wwn_with_extension": "0x5000cca08019d930",
    "model": "HUC101812CSS204",
    "wwn": "0x5000cca08019d930",
    "serial": "5000cca08019d930"
  },
  {
    "size": 1200243695616,
    "rotational": true,
    "vendor": "HGST",
    "name": "/dev/sdl",
    "wwn_vendor_extension": null,
    "wwn_with_extension": "0x5000cca08019cbc8",
    "model": "HUC101812CSS204",
    "wwn": "0x5000cca08019cbc8",
    "serial": "5000cca08019cbc8"
  },
  {
    "size": 1200243695616,
    "rotational": true,
    "vendor": "HGST",
    "name": "/dev/sdm",
    "wwn_vendor_extension": null,
    "wwn_with_extension": "0x5000cca08019cae0",
    "model": "HUC101812CSS204",
    "wwn": "0x5000cca08019cae0",
    "serial": "5000cca08019cae0"
  },
  {
    "size": 1200243695616,
    "rotational": true,
    "vendor": "HGST",
    "name": "/dev/sdn",
    "wwn_vendor_extension": null,
    "wwn_with_extension": "0x5000cca08019a468",
    "model": "HUC101812CSS204",
    "wwn": "0x5000cca08019a468",
    "serial": "5000cca08019a468"
  },
  {
    "size": 1200243695616,
    "rotational": true,
    "vendor": "HGST",
    "name": "/dev/sdo",
    "wwn_vendor_extension": null,
    "wwn_with_extension": "0x5000cca08019aa94",
    "model": "HUC101812CSS204",
    "wwn": "0x5000cca08019aa94",
    "serial": "5000cca08019aa94"
  },
  {
    "size": 1200243695616,
    "rotational": true,
    "vendor": "HGST",
    "name": "/dev/sdp",
    "wwn_vendor_extension": null,
    "wwn_with_extension": "0x5000cca0801948a0",
    "model": "HUC101812CSS204",
    "wwn": "0x5000cca0801948a0",
    "serial": "5000cca0801948a0"
  },
  {
    "size": 1200243695616,
    "rotational": true,
    "vendor": "HGST",
    "name": "/dev/sdq",
    "wwn_vendor_extension": null,
    "wwn_with_extension": "0x5000cca08019c5bc",
    "model": "HUC101812CSS204",
    "wwn": "0x5000cca08019c5bc",
    "serial": "5000cca08019c5bc"
  },
  {
    "size": 1200243695616,
    "rotational": true,
    "vendor": "HGST",
    "name": "/dev/sdr",
    "wwn_vendor_extension": null,
    "wwn_with_extension": "0x5000cca0801a1048",
    "model": "HUC101812CSS204",
    "wwn": "0x5000cca0801a1048",
    "serial": "5000cca0801a1048"
  },
  {
    "size": 1200243695616,
    "rotational": true,
    "vendor": "HGST",
    "name": "/dev/sds",
    "wwn_vendor_extension": null,
    "wwn_with_extension": "0x5000cca0800b9f40",
    "model": "HUC101812CSS204",
    "wwn": "0x5000cca0800b9f40",
    "serial": "5000cca0800b9f40"
  },
  {
    "size": 1200243695616,
    "rotational": true,
    "vendor": "HGST",
    "name": "/dev/sdt",
    "wwn_vendor_extension": null,
    "wwn_with_extension": "0x5000cca08019c1e4",
    "model": "HUC101812CSS204",
    "wwn": "0x5000cca08019c1e4",
    "serial": "5000cca08019c1e4"
  },
  {
    "size": 1200243695616,
    "rotational": true,
    "vendor": "HGST",
    "name": "/dev/sdu",
    "wwn_vendor_extension": null,
    "wwn_with_extension": "0x5000cca08019a39c",
    "model": "HUC101812CSS204",
    "wwn": "0x5000cca08019a39c",
    "serial": "5000cca08019a39c"
  },
  {
    "size": 1200243695616,
    "rotational": true,
    "vendor": "HGST",
    "name": "/dev/sdv",
    "wwn_vendor_extension": null,
    "wwn_with_extension": "0x5000cca08019d348",
    "model": "HUC101812CSS204",
    "wwn": "0x5000cca08019d348",
    "serial": "5000cca08019d348"
  },
  {
    "size": 966367641600,
    "rotational": true,
    "vendor": "DELL",
    "name": "/dev/sdw",
    "wwn_vendor_extension": "0x21e0e9156e51f9ae",
    "wwn_with_extension": "0x61866da075b7ca0021e0e9156e51f9ae",
    "model": "PERC H730 Mini",
    "wwn": "0x61866da075b7ca00",
    "serial": "61866da075b7ca0021e0e9156e51f9ae"
  }
]
---------------------------
NODE: comp05
============================
[
  {
    "size": 800166076416,
    "rotational": false,
    "vendor": "TOSHIBA",
    "name": "/dev/sda",
    "wwn_vendor_extension": null,
    "wwn_with_extension": "0x500003972c891341",
    "model": "PX04SMB080",
    "wwn": "0x500003972c891341",
    "serial": "500003972c891341"
  },
  {
    "size": 800166076416,
    "rotational": false,
    "vendor": "TOSHIBA",
    "name": "/dev/sdb",
    "wwn_vendor_extension": null,
    "wwn_with_extension": "0x500003972c891321",
    "model": "PX04SMB080",
    "wwn": "0x500003972c891321",
    "serial": "500003972c891321"
  },
  {
    "size": 1200243695616,
    "rotational": true,
    "vendor": "HGST",
    "name": "/dev/sdc",
    "wwn_vendor_extension": null,
    "wwn_with_extension": "0x5000cca0801a200c",
    "model": "HUC101812CSS204",
    "wwn": "0x5000cca0801a200c",
    "serial": "5000cca0801a200c"
  },
  {
    "size": 1200243695616,
    "rotational": true,
    "vendor": "HGST",
    "name": "/dev/sdd",
    "wwn_vendor_extension": null,
    "wwn_with_extension": "0x5000cca080199000",
    "model": "HUC101812CSS204",
    "wwn": "0x5000cca080199000",
    "serial": "5000cca080199000"
  },
  {
    "size": 1200243695616,
    "rotational": true,
    "vendor": "HGST",
    "name": "/dev/sde",
    "wwn_vendor_extension": null,
    "wwn_with_extension": "0x5000cca08019cd90",
    "model": "HUC101812CSS204",
    "wwn": "0x5000cca08019cd90",
    "serial": "5000cca08019cd90"
  },
  {
    "size": 1200243695616,
    "rotational": true,
    "vendor": "HGST",
    "name": "/dev/sdf",
    "wwn_vendor_extension": null,
    "wwn_with_extension": "0x5000cca0801a1bf4",
    "model": "HUC101812CSS204",
    "wwn": "0x5000cca0801a1bf4",
    "serial": "5000cca0801a1bf4"
  },
  {
    "size": 1200243695616,
    "rotational": true,
    "vendor": "HGST",
    "name": "/dev/sdg",
    "wwn_vendor_extension": null,
    "wwn_with_extension": "0x5000cca0801a1228",
    "model": "HUC101812CSS204",
    "wwn": "0x5000cca0801a1228",
    "serial": "5000cca0801a1228"
  },
  {
    "size": 1200243695616,
    "rotational": true,
    "vendor": "HGST",
    "name": "/dev/sdh",
    "wwn_vendor_extension": null,
    "wwn_with_extension": "0x5000cca0801a10fc",
    "model": "HUC101812CSS204",
    "wwn": "0x5000cca0801a10fc",
    "serial": "5000cca0801a10fc"
  },
  {
    "size": 1200243695616,
    "rotational": true,
    "vendor": "HGST",
    "name": "/dev/sdi",
    "wwn_vendor_extension": null,
    "wwn_with_extension": "0x5000cca08019bca0",
    "model": "HUC101812CSS204",
    "wwn": "0x5000cca08019bca0",
    "serial": "5000cca08019bca0"
  },
  {
    "size": 1200243695616,
    "rotational": true,
    "vendor": "HGST",
    "name": "/dev/sdj",
    "wwn_vendor_extension": null,
    "wwn_with_extension": "0x5000cca0801a15dc",
    "model": "HUC101812CSS204",
    "wwn": "0x5000cca0801a15dc",
    "serial": "5000cca0801a15dc"
  },
  {
    "size": 1200243695616,
    "rotational": true,
    "vendor": "HGST",
    "name": "/dev/sdk",
    "wwn_vendor_extension": null,
    "wwn_with_extension": "0x5000cca0801a1244",
    "model": "HUC101812CSS204",
    "wwn": "0x5000cca0801a1244",
    "serial": "5000cca0801a1244"
  },
  {
    "size": 1200243695616,
    "rotational": true,
    "vendor": "HGST",
    "name": "/dev/sdl",
    "wwn_vendor_extension": null,
    "wwn_with_extension": "0x5000cca0801a1bc8",
    "model": "HUC101812CSS204",
    "wwn": "0x5000cca0801a1bc8",
    "serial": "5000cca0801a1bc8"
  },
  {
    "size": 1200243695616,
    "rotational": true,
    "vendor": "HGST",
    "name": "/dev/sdm",
    "wwn_vendor_extension": null,
    "wwn_with_extension": "0x5000cca0801a0fe0",
    "model": "HUC101812CSS204",
    "wwn": "0x5000cca0801a0fe0",
    "serial": "5000cca0801a0fe0"
  },
  {
    "size": 1200243695616,
    "rotational": true,
    "vendor": "HGST",
    "name": "/dev/sdn",
    "wwn_vendor_extension": null,
    "wwn_with_extension": "0x5000cca0801a123c",
    "model": "HUC101812CSS204",
    "wwn": "0x5000cca0801a123c",
    "serial": "5000cca0801a123c"
  },
  {
    "size": 1200243695616,
    "rotational": true,
    "vendor": "HGST",
    "name": "/dev/sdo",
    "wwn_vendor_extension": null,
    "wwn_with_extension": "0x5000cca0801a15e4",
    "model": "HUC101812CSS204",
    "wwn": "0x5000cca0801a15e4",
    "serial": "5000cca0801a15e4"
  },
  {
    "size": 1200243695616,
    "rotational": true,
    "vendor": "HGST",
    "name": "/dev/sdp",
    "wwn_vendor_extension": null,
    "wwn_with_extension": "0x5000cca0800ef2d8",
    "model": "HUC101812CSS204",
    "wwn": "0x5000cca0800ef2d8",
    "serial": "5000cca0800ef2d8"
  },
  {
    "size": 1200243695616,
    "rotational": true,
    "vendor": "HGST",
    "name": "/dev/sdq",
    "wwn_vendor_extension": null,
    "wwn_with_extension": "0x5000cca0800bb178",
    "model": "HUC101812CSS204",
    "wwn": "0x5000cca0800bb178",
    "serial": "5000cca0800bb178"
  },
  {
    "size": 1200243695616,
    "rotational": true,
    "vendor": "HGST",
    "name": "/dev/sdr",
    "wwn_vendor_extension": null,
    "wwn_with_extension": "0x5000cca08019dddc",
    "model": "HUC101812CSS204",
    "wwn": "0x5000cca08019dddc",
    "serial": "5000cca08019dddc"
  },
  {
    "size": 1200243695616,
    "rotational": true,
    "vendor": "HGST",
    "name": "/dev/sds",
    "wwn_vendor_extension": null,
    "wwn_with_extension": "0x5000cca0801a1c74",
    "model": "HUC101812CSS204",
    "wwn": "0x5000cca0801a1c74",
    "serial": "5000cca0801a1c74"
  },
  {
    "size": 1200243695616,
    "rotational": true,
    "vendor": "HGST",
    "name": "/dev/sdt",
    "wwn_vendor_extension": null,
    "wwn_with_extension": "0x5000cca08019cacc",
    "model": "HUC101812CSS204",
    "wwn": "0x5000cca08019cacc",
    "serial": "5000cca08019cacc"
  },
  {
    "size": 1200243695616,
    "rotational": true,
    "vendor": "HGST",
    "name": "/dev/sdu",
    "wwn_vendor_extension": null,
    "wwn_with_extension": "0x5000cca08019d0c8",
    "model": "HUC101812CSS204",
    "wwn": "0x5000cca08019d0c8",
    "serial": "5000cca08019d0c8"
  },
  {
    "size": 1200243695616,
    "rotational": true,
    "vendor": "HGST",
    "name": "/dev/sdv",
    "wwn_vendor_extension": null,
    "wwn_with_extension": "0x5000cca08019f224",
    "model": "HUC101812CSS204",
    "wwn": "0x5000cca08019f224",
    "serial": "5000cca08019f224"
  },
  {
    "size": 966367641600,
    "rotational": true,
    "vendor": "DELL",
    "name": "/dev/sdw",
    "wwn_vendor_extension": "0x21e0eadb78ceb067",
    "wwn_with_extension": "0x61866da075b7c30021e0eadb78ceb067",
    "model": "PERC H730 Mini",
    "wwn": "0x61866da075b7c300",
    "serial": "61866da075b7c30021e0eadb78ceb067"
  }
]
---------------------------
NODE: comp06
============================
[
  {
    "size": 800166076416,
    "rotational": false,
    "vendor": "TOSHIBA",
    "name": "/dev/sda",
    "wwn_vendor_extension": null,
    "wwn_with_extension": "0x500003972c89134d",
    "model": "PX04SMB080",
    "wwn": "0x500003972c89134d",
    "serial": "500003972c89134d"
  },
  {
    "size": 800166076416,
    "rotational": false,
    "vendor": "TOSHIBA",
    "name": "/dev/sdb",
    "wwn_vendor_extension": null,
    "wwn_with_extension": "0x500003972c891325",
    "model": "PX04SMB080",
    "wwn": "0x500003972c891325",
    "serial": "500003972c891325"
  },
  {
    "size": 1200243695616,
    "rotational": true,
    "vendor": "HGST",
    "name": "/dev/sdc",
    "wwn_vendor_extension": null,
    "wwn_with_extension": "0x5000cca08019d2f0",
    "model": "HUC101812CSS204",
    "wwn": "0x5000cca08019d2f0",
    "serial": "5000cca08019d2f0"
  },
  {
    "size": 1200243695616,
    "rotational": true,
    "vendor": "HGST",
    "name": "/dev/sdd",
    "wwn_vendor_extension": null,
    "wwn_with_extension": "0x5000cca08019a1e0",
    "model": "HUC101812CSS204",
    "wwn": "0x5000cca08019a1e0",
    "serial": "5000cca08019a1e0"
  },
  {
    "size": 1200243695616,
    "rotational": true,
    "vendor": "HGST",
    "name": "/dev/sde",
    "wwn_vendor_extension": null,
    "wwn_with_extension": "0x5000cca08019a298",
    "model": "HUC101812CSS204",
    "wwn": "0x5000cca08019a298",
    "serial": "5000cca08019a298"
  },
  {
    "size": 1200243695616,
    "rotational": true,
    "vendor": "HGST",
    "name": "/dev/sdf",
    "wwn_vendor_extension": null,
    "wwn_with_extension": "0x5000cca08019a8e8",
    "model": "HUC101812CSS204",
    "wwn": "0x5000cca08019a8e8",
    "serial": "5000cca08019a8e8"
  },
  {
    "size": 1200243695616,
    "rotational": true,
    "vendor": "HGST",
    "name": "/dev/sdg",
    "wwn_vendor_extension": null,
    "wwn_with_extension": "0x5000cca08019dea8",
    "model": "HUC101812CSS204",
    "wwn": "0x5000cca08019dea8",
    "serial": "5000cca08019dea8"
  },
  {
    "size": 1200243695616,
    "rotational": true,
    "vendor": "HGST",
    "name": "/dev/sdh",
    "wwn_vendor_extension": null,
    "wwn_with_extension": "0x5000cca08019bac4",
    "model": "HUC101812CSS204",
    "wwn": "0x5000cca08019bac4",
    "serial": "5000cca08019bac4"
  },
  {
    "size": 1200243695616,
    "rotational": true,
    "vendor": "HGST",
    "name": "/dev/sdi",
    "wwn_vendor_extension": null,
    "wwn_with_extension": "0x5000cca08019a730",
    "model": "HUC101812CSS204",
    "wwn": "0x5000cca08019a730",
    "serial": "5000cca08019a730"
  },
  {
    "size": 1200243695616,
    "rotational": true,
    "vendor": "HGST",
    "name": "/dev/sdj",
    "wwn_vendor_extension": null,
    "wwn_with_extension": "0x5000cca08019ac94",
    "model": "HUC101812CSS204",
    "wwn": "0x5000cca08019ac94",
    "serial": "5000cca08019ac94"
  },
  {
    "size": 1200243695616,
    "rotational": true,
    "vendor": "HGST",
    "name": "/dev/sdk",
    "wwn_vendor_extension": null,
    "wwn_with_extension": "0x5000cca0801a2178",
    "model": "HUC101812CSS204",
    "wwn": "0x5000cca0801a2178",
    "serial": "5000cca0801a2178"
  },
  {
    "size": 1200243695616,
    "rotational": true,
    "vendor": "HGST",
    "name": "/dev/sdl",
    "wwn_vendor_extension": null,
    "wwn_with_extension": "0x5000cca080194198",
    "model": "HUC101812CSS204",
    "wwn": "0x5000cca080194198",
    "serial": "5000cca080194198"
  },
  {
    "size": 1200243695616,
    "rotational": true,
    "vendor": "HGST",
    "name": "/dev/sdm",
    "wwn_vendor_extension": null,
    "wwn_with_extension": "0x5000cca080198bbc",
    "model": "HUC101812CSS204",
    "wwn": "0x5000cca080198bbc",
    "serial": "5000cca080198bbc"
  },
  {
    "size": 1200243695616,
    "rotational": true,
    "vendor": "HGST",
    "name": "/dev/sdn",
    "wwn_vendor_extension": null,
    "wwn_with_extension": "0x5000cca08019dc04",
    "model": "HUC101812CSS204",
    "wwn": "0x5000cca08019dc04",
    "serial": "5000cca08019dc04"
  },
  {
    "size": 1200243695616,
    "rotational": true,
    "vendor": "HGST",
    "name": "/dev/sdo",
    "wwn_vendor_extension": null,
    "wwn_with_extension": "0x5000cca08019ce00",
    "model": "HUC101812CSS204",
    "wwn": "0x5000cca08019ce00",
    "serial": "5000cca08019ce00"
  },
  {
    "size": 1200243695616,
    "rotational": true,
    "vendor": "HGST",
    "name": "/dev/sdp",
    "wwn_vendor_extension": null,
    "wwn_with_extension": "0x5000cca08019ba10",
    "model": "HUC101812CSS204",
    "wwn": "0x5000cca08019ba10",
    "serial": "5000cca08019ba10"
  },
  {
    "size": 1200243695616,
    "rotational": true,
    "vendor": "HGST",
    "name": "/dev/sdq",
    "wwn_vendor_extension": null,
    "wwn_with_extension": "0x5000cca08019cd88",
    "model": "HUC101812CSS204",
    "wwn": "0x5000cca08019cd88",
    "serial": "5000cca08019cd88"
  },
  {
    "size": 1200243695616,
    "rotational": true,
    "vendor": "HGST",
    "name": "/dev/sdr",
    "wwn_vendor_extension": null,
    "wwn_with_extension": "0x5000cca08019d8fc",
    "model": "HUC101812CSS204",
    "wwn": "0x5000cca08019d8fc",
    "serial": "5000cca08019d8fc"
  },
  {
    "size": 1200243695616,
    "rotational": true,
    "vendor": "HGST",
    "name": "/dev/sds",
    "wwn_vendor_extension": null,
    "wwn_with_extension": "0x5000cca0801a1bb0",
    "model": "HUC101812CSS204",
    "wwn": "0x5000cca0801a1bb0",
    "serial": "5000cca0801a1bb0"
  },
  {
    "size": 1200243695616,
    "rotational": true,
    "vendor": "HGST",
    "name": "/dev/sdt",
    "wwn_vendor_extension": null,
    "wwn_with_extension": "0x5000cca08019cc9c",
    "model": "HUC101812CSS204",
    "wwn": "0x5000cca08019cc9c",
    "serial": "5000cca08019cc9c"
  },
  {
    "size": 1200243695616,
    "rotational": true,
    "vendor": "HGST",
    "name": "/dev/sdu",
    "wwn_vendor_extension": null,
    "wwn_with_extension": "0x5000cca0800ba174",
    "model": "HUC101812CSS204",
    "wwn": "0x5000cca0800ba174",
    "serial": "5000cca0800ba174"
  },
  {
    "size": 966367641600,
    "rotational": true,
    "vendor": "DELL",
    "name": "/dev/sdv",
    "wwn_vendor_extension": "0x21e0e2a12abe3d94",
    "wwn_with_extension": "0x61866da075b7c40021e0e2a12abe3d94",
    "model": "PERC H730 Mini",
    "wwn": "0x61866da075b7c400",
    "serial": "61866da075b7c40021e0e2a12abe3d94"
  }
]
---------------------------
